[INFO] 20:36:05:562 FS/(48600:48600): SuperBloque leido
[INFO] 20:36:05:562 FS/(48600:48600): Bitmap abierto
[INFO] 20:36:05:562 FS/(48600:48600): Bloques abierto
[WARNING] 20:36:05:565 FS/(48600:48600): Servidor listo para recibir al cliente, puerto: 8003
[WARNING] 20:41:23:828 FS/(48600:48600): Se conecto el Kernel a FileSystem
[INFO] 20:43:30:428 FS/(48600:48600): Abrir Archivo: PEPITO
[INFO] 20:43:30:429 FS/(48600:48600): Crear Archivo: PEPITO
[INFO] 20:43:32:434 FS/(48600:48600): Acceso a Bitmap - Bloque: 5 - Estado: 1
[INFO] 20:43:32:434 FS/(48600:48600): Truncar Archivo: PEPITO - Tamanio: 64
[INFO] 20:43:34:437 FS/(48600:48600): Escribir Archivo: PEPITO - Puntero: 0 - Memoria: 4 - Tamanio: 4
[INFO] 20:43:35:440 FS/(48600:48600): Acceso Bloque - Archivo: PEPITO - Bloque Archivo: 0 - Bloque File System: 5
[INFO] 20:43:36:442 FS/(48600:48600): Leer Archivo: PEPITO - Puntero: 0 - Memoria: 10 - Tamanio: 4
[INFO] 20:50:53:671 FS/(48600:48600): Abrir Archivo: PEPITO
[INFO] 20:50:55:679 FS/(48600:48600): Truncar Archivo: PEPITO - Tamanio: 64
[INFO] 20:50:57:681 FS/(48600:48600): Escribir Archivo: PEPITO - Puntero: 0 - Memoria: 4 - Tamanio: 4
[INFO] 20:50:58:682 FS/(48600:48600): Acceso Bloque - Archivo: PEPITO - Bloque Archivo: 0 - Bloque File System: 5
[INFO] 20:50:59:685 FS/(48600:48600): Leer Archivo: PEPITO - Puntero: 0 - Memoria: 10 - Tamanio: 4
[WARNING] 22:08:14:470 FS/(50029:50029): Bitmap abierto
[INFO] 22:08:20:355 FS/(50029:50029): Abrir Archivo: PEPITO
[INFO] 22:08:23:359 FS/(50029:50029): Truncar Archivo: PEPITO - Tamanio: 64
[INFO] 22:08:25:363 FS/(50029:50029): Escribir Archivo: PEPITO - Puntero: 0 - Memoria: 4 - Tamanio: 4
[INFO] 22:08:26:365 FS/(50029:50029): Acceso Bloque - Archivo: PEPITO - Bloque Archivo: 0 - Bloque File System: 5
[INFO] 22:08:27:366 FS/(50029:50029): Leer Archivo: PEPITO - Puntero: 0 - Memoria: 10 - Tamanio: 4
[INFO] 22:08:48:894 FS/(50029:50029): Abrir Archivo: PEPITO
[INFO] 22:08:51:897 FS/(50029:50029): Truncar Archivo: PEPITO - Tamanio: 64
[INFO] 22:08:53:900 FS/(50029:50029): Escribir Archivo: PEPITO - Puntero: 0 - Memoria: 4 - Tamanio: 4
[INFO] 22:08:54:902 FS/(50029:50029): Acceso Bloque - Archivo: PEPITO - Bloque Archivo: 0 - Bloque File System: 5
[INFO] 22:08:55:904 FS/(50029:50029): Leer Archivo: PEPITO - Puntero: 0 - Memoria: 10 - Tamanio: 4
[WARNING] 23:15:46:597 FS/(51928:51928): Bitmap abierto
[INFO] 23:15:51:415 FS/(51928:51928): Abrir Archivo: PEPITO
[INFO] 23:15:54:418 FS/(51928:51928): Truncar Archivo: PEPITO - Tamanio: 64
[INFO] 23:15:56:420 FS/(51928:51928): Escribir Archivo: PEPITO - Puntero: 0 - Memoria: 4 - Tamanio: 4
[INFO] 23:15:57:421 FS/(51928:51928): Acceso Bloque - Archivo: PEPITO - Bloque Archivo: 0 - Bloque File System: 5
[INFO] 23:15:58:422 FS/(51928:51928): Leer Archivo: PEPITO - Puntero: 0 - Memoria: 10 - Tamanio: 4
[INFO] 23:16:03:657 FS/(51928:51928): Abrir Archivo: PEPITO
[WARNING] 23:16:37:354 FS/(51954:51954): Bitmap abierto
[INFO] 23:16:40:551 FS/(51954:51954): Abrir Archivo: PEPITO
[INFO] 23:16:43:589 FS/(51954:51954): Truncar Archivo: PEPITO - Tamanio: 64
[INFO] 23:16:45:614 FS/(51954:51954): Escribir Archivo: PEPITO - Puntero: 0 - Memoria: 4 - Tamanio: 4
[INFO] 23:16:46:643 FS/(51954:51954): Acceso Bloque - Archivo: PEPITO - Bloque Archivo: 0 - Bloque File System: 5
[INFO] 23:16:47:644 FS/(51954:51954): Leer Archivo: PEPITO - Puntero: 0 - Memoria: 10 - Tamanio: 4
[WARNING] 23:20:04:412 FS/(52105:52105): Bitmap abierto
[INFO] 23:20:08:249 FS/(52105:52105): Abrir Archivo: PEPITO
[INFO] 23:20:11:305 FS/(52105:52105): Truncar Archivo: PEPITO - Tamanio: 64
[INFO] 23:20:13:324 FS/(52105:52105): Escribir Archivo: PEPITO - Puntero: 0 - Memoria: 4 - Tamanio: 4
[INFO] 23:20:14:345 FS/(52105:52105): Acceso Bloque - Archivo: PEPITO - Bloque Archivo: 0 - Bloque File System: 5
[INFO] 23:20:15:345 FS/(52105:52105): Leer Archivo: PEPITO - Puntero: 0 - Memoria: 10 - Tamanio: 4
[INFO] 23:20:20:124 FS/(52105:52105): Abrir Archivo: PEPITO
[INFO] 23:20:23:137 FS/(52105:52105): Truncar Archivo: PEPITO - Tamanio: 64
[INFO] 23:20:25:151 FS/(52105:52105): Escribir Archivo: PEPITO - Puntero: 0 - Memoria: 4 - Tamanio: 4
[INFO] 23:20:26:166 FS/(52105:52105): Acceso Bloque - Archivo: PEPITO - Bloque Archivo: 0 - Bloque File System: 5
[INFO] 23:20:27:166 FS/(52105:52105): Leer Archivo: PEPITO - Puntero: 0 - Memoria: 10 - Tamanio: 4
[WARNING] 23:26:04:430 FS/(52165:52165): Bitmap abierto
[WARNING] 23:45:35:582 FS/(52488:52488): Bitmap abierto
[WARNING] 23:47:15:315 FS/(52511:52511): Bitmap abierto
[WARNING] 23:48:34:759 FS/(52562:52562): Bitmap abierto
[WARNING] 23:52:48:519 FS/(52619:52619): Bitmap abierto
[WARNING] 00:02:01:541 FS/(52907:52907): Bitmap abierto
[WARNING] 00:04:33:735 FS/(52973:52973): Bitmap abierto
[WARNING] 00:06:00:260 FS/(53038:53038): Bitmap abierto
[WARNING] 00:06:27:462 FS/(53085:53085): Bitmap abierto
[WARNING] 00:22:50:411 FS/(53388:53388): Bitmap abierto
[WARNING] 00:23:02:953 FS/(53401:53401): Bitmap abierto
[WARNING] 00:24:23:739 FS/(53444:53444): Bitmap abierto
[WARNING] 00:25:35:393 FS/(53500:53500): Bitmap abierto
[WARNING] 00:33:26:853 FS/(53714:53714): Bitmap abierto
[WARNING] 00:36:13:602 FS/(53766:53766): Bitmap abierto
[WARNING] 00:37:04:328 FS/(53842:53842): Bitmap abierto
[WARNING] 00:40:35:095 FS/(53942:53942): Bitmap abierto
[WARNING] 04:31:14:778 FS/(54250:54250): Bitmap abierto
[WARNING] 04:33:50:137 FS/(54307:54307): Bitmap abierto
[WARNING] 04:40:23:088 FS/(54659:54659): Bitmap abierto
[WARNING] 04:42:29:270 FS/(54720:54720): Bitmap abierto
[WARNING] 04:42:41:129 FS/(54740:54740): Bitmap abierto
[WARNING] 04:42:53:584 FS/(54790:54790): Bitmap abierto
[WARNING] 04:53:03:820 FS/(55021:55021): Bitmap abierto
[WARNING] 04:53:19:455 FS/(55038:55038): Bitmap abierto
[WARNING] 05:20:12:321 FS/(55337:55337): Bitmap abierto
[WARNING] 05:21:35:670 FS/(55359:55359): Bitmap abierto
[WARNING] 05:22:12:516 FS/(55385:55385): Bitmap abierto
[WARNING] 05:24:32:217 FS/(55416:55416): Bitmap abierto
[WARNING] 05:25:06:589 FS/(55437:55437): Bitmap abierto
[WARNING] 05:26:05:544 FS/(55460:55460): Bitmap abierto
[WARNING] 05:26:26:624 FS/(55480:55480): Bitmap abierto
[WARNING] 05:26:44:203 FS/(55500:55500): Bitmap abierto
[WARNING] 05:27:12:996 FS/(55520:55520): Bitmap abierto
[WARNING] 05:27:31:980 FS/(55573:55573): Bitmap abierto
[WARNING] 05:27:50:843 FS/(55593:55593): Bitmap abierto
[WARNING] 05:28:57:075 FS/(55619:55619): Bitmap abierto
[WARNING] 05:29:20:556 FS/(55639:55639): Bitmap abierto
[WARNING] 05:29:30:187 FS/(55659:55659): Bitmap abierto
[WARNING] 05:30:14:011 FS/(55680:55680): Bitmap abierto
[WARNING] 05:47:30:371 FS/(1983:1983): Bitmap abierto
[WARNING] 05:51:39:374 FS/(2151:2151): Bitmap abierto
[ERROR] 05:51:39:379 FS/(2151:2151): error en el handshake
[WARNING] 05:51:49:218 FS/(2157:2157): Bitmap abierto
[WARNING] 05:58:05:361 FS/(2419:2419): Bitmap abierto
[WARNING] 05:59:09:865 FS/(2443:2443): Bitmap abierto
[WARNING] 21:03:18:493 FS/(2747:2747): Bitmap abierto
[WARNING] 21:18:29:787 FS/(2924:2924): Bitmap abierto
[WARNING] 21:19:42:331 FS/(3020:3020): Bitmap abierto
