[ERROR] 14:59:41:943 proceso/(134606:134606): 4
[ERROR] 14:59:45:792 proceso/(134607:134607): 4
[ERROR] 14:59:46:630 proceso/(134608:134608): 4
[ERROR] 14:59:47:412 proceso/(134609:134609): 4
[ERROR] 14:59:56:076 proceso/(134611:134611): 4
[ERROR] 15:02:06:938 proceso/(134730:134730): -1
[ERROR] 15:04:46:413 proceso/(134928:134928): error MATI
[ERROR] 15:07:39:927 proceso/(135070:135070): El kernel no pudo conectarse a la memoria);
[ERROR] 15:11:49:238 proceso/(135392:135392): El kernel no pudo conectarse a el CPU
[INFO] 15:23:24:416 proceso/(135729:135750): se conecto una consola
[INFO] 15:23:41:230 proceso/(135729:135752): se conecto una consola
[INFO] 15:23:43:625 proceso/(135729:135754): se conecto una consola
[INFO] 15:23:44:232 proceso/(135729:135756): se conecto una consola
[INFO] 15:23:44:778 proceso/(135729:135758): se conecto una consola
[INFO] 15:23:45:290 proceso/(135729:135760): se conecto una consola
[INFO] 15:23:45:875 proceso/(135729:135762): se conecto una consola
[INFO] 22:19:10:471 proceso/(9550:9553): se conecto una consola
[ERROR] 01:28:06:660 proceso/(16954:16954): El kernel no pudo conectarse a la memoria
[INFO] 01:28:22:230 proceso/(16960:16963): se conecto una consola
[INFO] 02:50:47:911 proceso/(20722:20730): se conecto una consola
[INFO] 02:50:53:369 proceso/(20722:20732): se conecto una consola
[INFO] 02:50:54:400 proceso/(20722:20734): se conecto una consola
[INFO] 02:50:57:288 proceso/(20722:20736): se conecto una consola
[INFO] 02:50:57:687 proceso/(20722:20738): se conecto una consola
[INFO] 02:50:58:831 proceso/(20722:20740): se conecto una consola
[ERROR] 12:03:10:961 proceso/(3863:3863): El kernel no pudo conectarse a la memoria
[ERROR] 12:03:25:762 proceso/(3876:3876): El kernel no pudo conectarse a la memoria
[INFO] 12:04:50:632 proceso/(3989:3991): se conecto una consola
[INFO] 12:04:50:632 proceso/(3989:3991): Consola mandando instrucciones
[INFO] 12:55:30:460 proceso/(6467:6469): se conecto una consola
[INFO] 12:55:30:460 proceso/(6467:6469): Consola mandando instrucciones
[INFO] 12:57:18:119 proceso/(6562:6564): se conecto una consola
[INFO] 12:57:18:119 proceso/(6562:6564): Consola mandando instrucciones
[INFO] 12:59:45:466 proceso/(6731:6733): se conecto una consola
[INFO] 12:59:45:467 proceso/(6731:6733): Consola mandando instrucciones
[INFO] 13:01:33:805 proceso/(6797:6799): se conecto una consola
[INFO] 13:01:33:806 proceso/(6797:6799): Consola mandando instrucciones
[INFO] 13:03:05:168 proceso/(6890:6892): se conecto una consola
[INFO] 13:03:05:168 proceso/(6890:6892): Consola mandando instrucciones
[INFO] 13:04:22:474 proceso/(6948:6950): se conecto una consola
[INFO] 13:04:22:474 proceso/(6948:6950): Consola mandando instrucciones
[INFO] 13:05:08:506 proceso/(7006:7008): se conecto una consola
[INFO] 13:05:08:507 proceso/(7006:7008): Consola mandando instrucciones
[INFO] 13:07:21:430 proceso/(7093:7095): se conecto una consola
[INFO] 13:07:21:430 proceso/(7093:7095): Consola mandando instrucciones
[INFO] 13:11:07:772 proceso/(7138:7140): se conecto una consola
[INFO] 13:11:07:773 proceso/(7138:7140): Consola mandando instrucciones
[INFO] 13:20:52:860 proceso/(7455:7457): se conecto una consola
[INFO] 13:20:52:861 proceso/(7455:7457): Consola mandando instrucciones
[INFO] 13:22:20:118 proceso/(7521:7523): se conecto una consola
[INFO] 13:22:20:118 proceso/(7521:7523): Consola mandando instrucciones
[INFO] 13:35:00:225 proceso/(8053:8055): se conecto una consola
[INFO] 13:35:00:226 proceso/(8053:8055): Consola mandando instrucciones
[INFO] 13:35:21:898 proceso/(8090:8092): se conecto una consola
[INFO] 13:35:21:898 proceso/(8090:8092): Consola mandando instrucciones
[INFO] 13:37:45:502 proceso/(8172:8174): se conecto una consola
[INFO] 13:37:45:502 proceso/(8172:8174): Consola mandando instrucciones
[INFO] 13:38:07:454 proceso/(8209:8211): se conecto una consola
[INFO] 13:38:07:454 proceso/(8209:8211): Consola mandando instrucciones
[INFO] 13:39:44:737 proceso/(8305:8307): se conecto una consola
[INFO] 13:39:44:737 proceso/(8305:8307): Consola mandando instrucciones
[INFO] 13:40:02:665 proceso/(8320:8322): se conecto una consola
[INFO] 13:40:02:665 proceso/(8320:8322): Consola mandando instrucciones
[INFO] 13:40:03:746 proceso/(8320:8324): se conecto una consola
[INFO] 13:40:03:746 proceso/(8320:8324): Consola mandando instrucciones
[INFO] 13:42:04:084 proceso/(8443:8445): se conecto una consola
[INFO] 13:42:04:085 proceso/(8443:8445): Consola mandando instrucciones
[INFO] 13:43:19:991 proceso/(8522:8524): se conecto una consola
[INFO] 13:43:19:991 proceso/(8522:8524): Consola mandando instrucciones
[INFO] 13:44:13:760 proceso/(8607:8609): se conecto una consola
[INFO] 13:44:13:760 proceso/(8607:8609): Consola mandando instrucciones
[INFO] 13:45:04:641 proceso/(8646:8648): se conecto una consola
[INFO] 13:45:04:642 proceso/(8646:8648): Consola mandando instrucciones
[INFO] 13:45:27:442 proceso/(8684:8686): se conecto una consola
[INFO] 13:45:27:442 proceso/(8684:8686): Consola mandando instrucciones
[INFO] 13:45:54:163 proceso/(8733:8735): se conecto una consola
[INFO] 13:45:54:163 proceso/(8733:8735): Consola mandando instrucciones
[INFO] 13:48:25:943 proceso/(8886:8888): se conecto una consola
[INFO] 13:48:25:943 proceso/(8886:8888): Consola mandando instrucciones
[INFO] 13:48:47:231 proceso/(8924:8926): se conecto una consola
[INFO] 13:48:47:231 proceso/(8924:8926): Consola mandando instrucciones
[INFO] 13:50:02:545 proceso/(8973:8975): se conecto una consola
[INFO] 13:50:02:545 proceso/(8973:8975): Consola mandando instrucciones
[INFO] 14:00:34:650 proceso/(9740:9742): se conecto una consola
[INFO] 14:00:34:650 proceso/(9740:9742): Consola mandando instrucciones
[INFO] 14:00:37:457 proceso/(9740:9744): se conecto una consola
[INFO] 14:00:37:458 proceso/(9740:9744): Consola mandando instrucciones
[INFO] 14:04:06:583 proceso/(9946:9948): se conecto una consola
[INFO] 14:04:06:583 proceso/(9946:9948): Consola mandando instrucciones
[INFO] 14:04:18:119 proceso/(9946:9974): se conecto una consola
[INFO] 14:04:18:119 proceso/(9946:9974): Consola mandando instrucciones
[INFO] 14:04:24:088 proceso/(9975:9977): se conecto una consola
[INFO] 14:04:24:088 proceso/(9975:9977): Consola mandando instrucciones
[ERROR] 14:10:38:408 proceso/(10209:10209): El kernel no pudo conectarse a la memoria
[INFO] 14:10:58:698 proceso/(10241:10243): se conecto una consola
[INFO] 14:10:58:698 proceso/(10241:10243): Consola mandando instrucciones
[INFO] 14:11:00:786 proceso/(10241:10245): se conecto una consola
[INFO] 14:11:00:786 proceso/(10241:10245): Consola mandando instrucciones
[INFO] 20:24:38:968 proceso/(2016:2026): se conecto una consola
[INFO] 20:24:39:033 proceso/(2016:2026): Consola mandando instrucciones
[INFO] 20:34:05:974 proceso/(2317:2321): se conecto una consola
[INFO] 20:34:06:028 proceso/(2317:2321): Consola mandando instrucciones
[INFO] 20:59:43:311 proceso/(3573:3577): se conecto una consola
[INFO] 20:59:43:381 proceso/(3573:3577): Consola mandando instrucciones
[INFO] 21:00:23:945 proceso/(3573:3579): se conecto una consola
[INFO] 21:00:23:946 proceso/(3573:3579): Consola mandando instrucciones
[INFO] 23:48:20:366 proceso/(10234:10239): se conecto una consola
[INFO] 23:48:20:432 proceso/(10234:10239): Consola mandando instrucciones
[INFO] 23:48:20:453 proceso/(10234:10239): PID: 1 

[INFO] 23:48:30:280 proceso/(10234:10241): se conecto una consola
[INFO] 23:48:30:280 proceso/(10234:10241): Consola mandando instrucciones
[INFO] 23:48:30:285 proceso/(10234:10241): PID: 2 

[INFO] 23:48:32:347 proceso/(10234:10243): se conecto una consola
[INFO] 23:48:32:348 proceso/(10234:10243): Consola mandando instrucciones
[INFO] 23:48:32:351 proceso/(10234:10243): PID: 3 

[INFO] 23:48:32:997 proceso/(10234:10245): se conecto una consola
[INFO] 23:48:32:997 proceso/(10234:10245): Consola mandando instrucciones
[INFO] 23:48:33:000 proceso/(10234:10245): PID: 4 

[INFO] 23:48:33:569 proceso/(10234:10247): se conecto una consola
[INFO] 23:48:33:569 proceso/(10234:10247): Consola mandando instrucciones
[INFO] 23:48:33:573 proceso/(10234:10247): PID: 5 

[INFO] 23:48:34:110 proceso/(10234:10249): se conecto una consola
[INFO] 23:48:34:111 proceso/(10234:10249): Consola mandando instrucciones
[INFO] 23:48:34:120 proceso/(10234:10249): PID: 6 

[INFO] 23:48:34:642 proceso/(10234:10251): se conecto una consola
[INFO] 23:48:34:642 proceso/(10234:10251): Consola mandando instrucciones
[INFO] 23:48:34:646 proceso/(10234:10251): PID: 7 

[INFO] 23:48:35:173 proceso/(10234:10253): se conecto una consola
[INFO] 23:48:35:174 proceso/(10234:10253): Consola mandando instrucciones
[INFO] 23:48:35:178 proceso/(10234:10253): PID: 8 

[INFO] 23:48:35:700 proceso/(10234:10255): se conecto una consola
[INFO] 23:48:35:701 proceso/(10234:10255): Consola mandando instrucciones
[INFO] 23:48:35:704 proceso/(10234:10255): PID: 9 

[INFO] 23:48:36:288 proceso/(10234:10257): se conecto una consola
[INFO] 23:48:36:288 proceso/(10234:10257): Consola mandando instrucciones
[INFO] 23:48:36:291 proceso/(10234:10257): PID: 10 

[INFO] 00:01:37:785 proceso/(10757:10760): se conecto una consola
[INFO] 00:01:37:836 proceso/(10757:10760): Consola mandando instrucciones
[INFO] 00:01:37:850 proceso/(10757:10760): PID: 1 

[INFO] 00:05:33:786 proceso/(10854:10859): se conecto una consola
[INFO] 00:05:33:831 proceso/(10854:10859): Consola mandando instrucciones
[INFO] 00:05:33:845 proceso/(10854:10859): PID: 1 

[INFO] 00:08:11:407 proceso/(10982:10986): se conecto una consola
[INFO] 00:08:11:453 proceso/(10982:10986): Consola mandando instrucciones
[INFO] 00:08:11:469 proceso/(10982:10986): PID: 1 

[INFO] 02:25:31:143 proceso/(14580:14585): se conecto una consola
[INFO] 02:25:31:188 proceso/(14580:14585): Consola mandando instrucciones
[INFO] 02:25:31:203 proceso/(14580:14585): PID: 1 

[INFO] 13:29:13:399 proceso/(156029:156033): se conecto una consola
[INFO] 13:29:13:400 proceso/(156029:156033): Consola mandando instrucciones
[INFO] 13:29:13:401 proceso/(156029:156033): PID: 1 

[INFO] 13:42:20:806 proceso/(156585:156603): se conecto una consola
[INFO] 13:42:20:810 proceso/(156585:156603): Consola mandando instrucciones
[INFO] 13:42:20:811 proceso/(156585:156603): PID: 1 

[INFO] 13:42:20:813 proceso/(156585:156603): PRUEBAAAAAAA: 10 

[INFO] 13:47:10:315 proceso/(156779:156783): se conecto una consola
[INFO] 13:47:10:316 proceso/(156779:156783): Consola mandando instrucciones
[INFO] 13:47:10:316 proceso/(156779:156783): PID: 1 

[INFO] 13:47:10:316 proceso/(156779:156783): PRUEBAAAAAAA: 10 

[INFO] 14:31:06:978 proceso/(159992:159996): se conecto una consola
[INFO] 14:31:06:978 proceso/(159992:159996): Consola mandando instrucciones
[INFO] 14:31:06:979 proceso/(159992:159996): PID: 1 

[INFO] 15:57:19:210 proceso/(164493:164498): se conecto una consola
[INFO] 15:57:19:211 proceso/(164493:164498): Consola mando instrucciones
[INFO] 15:57:19:211 proceso/(164493:164498): PID: 1 

[INFO] 16:00:39:469 proceso/(164620:164625): se conecto una consola
[INFO] 16:00:39:469 proceso/(164620:164625): Consola mando instrucciones
[INFO] 16:00:39:470 proceso/(164620:164625): PID: 1 

[INFO] 16:03:54:099 proceso/(164737:164742): se conecto una consola
[INFO] 16:03:54:100 proceso/(164737:164742): Consola mando instrucciones
[INFO] 16:03:54:100 proceso/(164737:164742): PID: 1 

[INFO] 16:12:51:228 proceso/(164889:164892): Planificador largo
[INFO] 16:14:56:774 proceso/(164965:164968): Planificador largo
[INFO] 16:14:56:776 proceso/(164965:164968): Planificador largo
[INFO] 16:14:56:776 proceso/(164965:164968): Planificador largo
[INFO] 16:14:56:776 proceso/(164965:164968): Planificador largo
[INFO] 16:16:36:412 proceso/(165183:165186): Planificador largo
[INFO] 16:20:41:289 proceso/(165451:165454): Planificador largo
[INFO] 16:20:41:290 proceso/(165451:165454): Planificador largo
[INFO] 16:21:21:756 proceso/(165514:165517): Planificador largo
[INFO] 16:21:21:757 proceso/(165514:165517): Planificador largo
[INFO] 16:21:21:757 proceso/(165514:165517): Planificador largo
[INFO] 16:21:21:757 proceso/(165514:165517): Planificador largo
[INFO] 16:23:50:322 proceso/(165624:165627): Planificador largo
[INFO] 16:24:12:669 proceso/(165691:165694): Planificador largo
[INFO] 16:24:12:670 proceso/(165691:165694): Planificador largo
[INFO] 16:24:12:670 proceso/(165691:165694): Planificador largo
[INFO] 16:24:12:670 proceso/(165691:165694): Planificador largo
[INFO] 16:26:16:556 proceso/(165798:165801): Planificador largo
[INFO] 16:26:16:556 proceso/(165798:165801): Planificador largo
[INFO] 16:26:16:556 proceso/(165798:165801): Planificador largo
[INFO] 16:26:16:556 proceso/(165798:165801): Planificador largo
[INFO] 16:26:21:902 proceso/(165798:165803): se conecto una consola
[INFO] 16:26:21:903 proceso/(165798:165803): Consola mando instrucciones
[INFO] 16:26:21:903 proceso/(165798:165803): PID: 1 

[INFO] 16:33:04:998 proceso/(166085:166090): se conecto una consola
[INFO] 16:33:04:999 proceso/(166085:166090): Consola mando instrucciones
[INFO] 16:33:05:000 proceso/(166085:166090): PID: 1 

[INFO] 16:33:05:000 proceso/(166085:166088): Planificador largo
[ERROR] 16:33:34:075 proceso/(166096:166096): El kernel no pudo conectarse a el CPU
[ERROR] 16:34:23:081 proceso/(166103:166103): El kernel no pudo conectarse a la memoria
[INFO] 16:35:33:960 proceso/(166109:166114): se conecto una consola
[INFO] 16:35:33:961 proceso/(166109:166114): Consola mando instrucciones
[INFO] 16:35:33:961 proceso/(166109:166114): PID: 1 

[INFO] 16:35:33:961 proceso/(166109:166112): Planificador largo
[INFO] 16:35:37:386 proceso/(166109:166116): se conecto una consola
[INFO] 16:35:37:386 proceso/(166109:166116): Consola mando instrucciones
[INFO] 16:35:37:386 proceso/(166109:166116): PID: 2 

[INFO] 16:35:37:386 proceso/(166109:166112): Planificador largo
[INFO] 16:35:50:206 proceso/(166109:166118): se conecto una consola
[INFO] 16:35:50:206 proceso/(166109:166118): Consola mando instrucciones
[INFO] 16:35:50:206 proceso/(166109:166118): PID: 3 

[INFO] 16:35:50:207 proceso/(166109:166112): Planificador largo
[INFO] 16:35:57:115 proceso/(166109:166120): se conecto una consola
[INFO] 16:35:57:115 proceso/(166109:166120): Consola mando instrucciones
[INFO] 16:35:57:115 proceso/(166109:166120): PID: 4 

[INFO] 16:35:57:115 proceso/(166109:166112): Planificador largo
[INFO] 16:36:09:332 proceso/(166109:166122): se conecto una consola
[INFO] 16:36:09:332 proceso/(166109:166122): Consola mando instrucciones
[INFO] 16:36:09:332 proceso/(166109:166122): PID: 5 

[INFO] 16:38:16:186 proceso/(166194:166199): se conecto una consola
[INFO] 16:38:16:187 proceso/(166194:166199): Consola mando instrucciones
[INFO] 16:38:16:187 proceso/(166194:166199): PID: 1 

[INFO] 19:36:19:566 proceso/(171669:171676): se conecto una consola
[INFO] 19:36:19:567 proceso/(171669:171676): Consola mando instrucciones
[INFO] 19:36:19:568 proceso/(171669:171676): Se crea el proceso 1 en NEW 

[INFO] 19:36:19:568 proceso/(171669:171672): PID: 1 - Estado Anterior: NEW - Estado Actual: READY
[ERROR] 19:36:20:542 proceso/(171669:171671): Error en la comunicacion entre el Kernel y la CPU
[INFO] 19:40:53:954 proceso/(171933:171938): se conecto una consola
[INFO] 19:40:53:956 proceso/(171933:171938): Consola mando instrucciones
[INFO] 19:40:53:956 proceso/(171933:171938): Se crea el proceso 1 en NEW 

[INFO] 19:40:53:957 proceso/(171933:171936): PID: 1 - Estado Anterior: NEW - Estado Actual: READY
[ERROR] 19:40:54:782 proceso/(171933:171935): Error en la comunicacion entre el Kernel y la CPU
[INFO] 19:43:59:770 proceso/(172082:172087): se conecto una consola
[INFO] 19:43:59:771 proceso/(172082:172087): Consola mando instrucciones
[INFO] 19:43:59:771 proceso/(172082:172087): Se crea el proceso 1 en NEW 

[INFO] 19:43:59:772 proceso/(172082:172085): PID: 1 - Estado Anterior: NEW - Estado Actual: READY
[INFO] 20:08:47:548 proceso/(173754:173759): se conecto una consola
[INFO] 20:08:47:549 proceso/(173754:173759): Consola mando instrucciones
[INFO] 20:08:47:549 proceso/(173754:173759): Se crea el proceso 1 en NEW 

[INFO] 20:08:47:549 proceso/(173754:173757): PID: 1 - Estado Anterior: NEW - Estado Actual: READY
[ERROR] 20:08:48:059 proceso/(173754:173756): Error en la comunicacion entre el Kernel y la CPU
[INFO] 20:15:23:262 proceso/(174393:174398): se conecto una consola
[INFO] 20:15:23:263 proceso/(174393:174398): Consola mando instrucciones
[INFO] 20:15:23:263 proceso/(174393:174398): Se crea el proceso 1 en NEW 

[INFO] 20:15:23:263 proceso/(174393:174396): PID: 1 - Estado Anterior: NEW - Estado Actual: READY
[ERROR] 20:15:23:719 proceso/(174393:174395): Error en la comunicacion entre el Kernel y la CPU
[INFO] 20:18:06:070 proceso/(174609:174614): se conecto una consola
[INFO] 20:18:06:071 proceso/(174609:174614): Consola mando instrucciones
[INFO] 20:18:06:071 proceso/(174609:174614): Se crea el proceso 1 en NEW 

[INFO] 20:18:06:071 proceso/(174609:174612): PID: 1 - Estado Anterior: NEW - Estado Actual: READY
[ERROR] 20:18:06:351 proceso/(174609:174611): Error en la comunicacion entre el Kernel y la CPU
[INFO] 20:19:27:610 proceso/(174687:174692): se conecto una consola
[INFO] 20:19:27:610 proceso/(174687:174692): Consola mando instrucciones
[INFO] 20:19:27:611 proceso/(174687:174692): Se crea el proceso 1 en NEW 

[INFO] 20:19:27:611 proceso/(174687:174690): PID: 1 - Estado Anterior: NEW - Estado Actual: READY
[ERROR] 20:19:27:777 proceso/(174687:174689): Error en la comunicacion entre el Kernel y la CPU
[INFO] 20:20:39:841 proceso/(174742:174747): se conecto una consola
[INFO] 20:20:39:841 proceso/(174742:174747): Consola mando instrucciones
[INFO] 20:20:39:841 proceso/(174742:174747): Se crea el proceso 1 en NEW 

[INFO] 20:20:39:841 proceso/(174742:174745): PID: 1 - Estado Anterior: NEW - Estado Actual: READY
[ERROR] 20:20:40:017 proceso/(174742:174744): Error en la comunicacion entre el Kernel y la CPU
[INFO] 20:22:40:835 proceso/(174874:174879): se conecto una consola
[INFO] 20:22:40:835 proceso/(174874:174879): Consola mando instrucciones
[INFO] 20:22:40:836 proceso/(174874:174879): Se crea el proceso 1 en NEW 

[INFO] 20:22:40:836 proceso/(174874:174877): PID: 1 - Estado Anterior: NEW - Estado Actual: READY
[ERROR] 20:22:41:011 proceso/(174874:174876): Error en la comunicacion entre el Kernel y la CPU
[INFO] 20:25:20:520 proceso/(175082:175087): se conecto una consola
[INFO] 20:25:20:520 proceso/(175082:175087): Consola mando instrucciones
[INFO] 20:25:20:521 proceso/(175082:175087): Se crea el proceso 1 en NEW 

[INFO] 20:25:20:522 proceso/(175082:175085): PID: 1 - Estado Anterior: NEW - Estado Actual: READY
[ERROR] 20:25:21:011 proceso/(175082:175084): Error en la comunicacion entre el Kernel y la CPU
[INFO] 22:59:00:983 proceso/(3914:3914): DISCO
[INFO] 22:59:00:983 proceso/(3914:3914): RECURSO_1
[ERROR] 22:59:00:983 proceso/(3914:3914): El kernel no pudo conectarse a la memoria
[INFO] 23:21:19:748 proceso/(5320:5320): DISCO 1
[ERROR] 23:26:35:829 proceso/(5515:5515): El kernel no pudo conectarse a la memoria
[ERROR] 23:26:44:741 proceso/(5516:5516): El kernel no pudo conectarse a la memoria
[ERROR] 23:26:45:422 proceso/(5517:5517): El kernel no pudo conectarse a la memoria
[ERROR] 23:26:45:943 proceso/(5518:5518): El kernel no pudo conectarse a la memoria
[ERROR] 23:26:46:385 proceso/(5519:5519): El kernel no pudo conectarse a la memoria
[ERROR] 23:26:46:821 proceso/(5520:5520): El kernel no pudo conectarse a la memoria
[ERROR] 23:26:47:138 proceso/(5521:5521): El kernel no pudo conectarse a la memoria
[ERROR] 23:26:47:407 proceso/(5522:5522): El kernel no pudo conectarse a la memoria
[ERROR] 23:26:47:628 proceso/(5523:5523): El kernel no pudo conectarse a la memoria
[ERROR] 23:26:47:815 proceso/(5524:5524): El kernel no pudo conectarse a la memoria
[ERROR] 23:26:47:999 proceso/(5525:5525): El kernel no pudo conectarse a la memoria
[ERROR] 23:26:48:166 proceso/(5526:5526): El kernel no pudo conectarse a la memoria
[ERROR] 23:33:43:841 proceso/(6337:6337): El kernel no pudo conectarse a la memoria
[INFO] 23:33:54:885 proceso/(6363:6363): DISCO 1
[INFO] 23:33:54:887 proceso/(6363:6363): RECURSO_1 2
[ERROR] 23:33:54:887 proceso/(6363:6363): El kernel no pudo conectarse a la memoria
[INFO] 23:34:05:664 proceso/(6364:6364): DISCO 1
[INFO] 23:34:05:664 proceso/(6364:6364): RECURSO_1 2
[ERROR] 23:34:05:664 proceso/(6364:6364): El kernel no pudo conectarse a la memoria
[INFO] 23:34:06:271 proceso/(6365:6365): DISCO 1
[INFO] 23:34:06:271 proceso/(6365:6365): RECURSO_1 2
[ERROR] 23:34:06:271 proceso/(6365:6365): El kernel no pudo conectarse a la memoria
[INFO] 23:34:06:893 proceso/(6366:6366): DISCO 1
[INFO] 23:34:06:893 proceso/(6366:6366): RECURSO_1 2
[ERROR] 23:34:06:893 proceso/(6366:6366): El kernel no pudo conectarse a la memoria
[ERROR] 23:35:19:880 proceso/(6399:6399): El kernel no pudo conectarse a la memoria
[INFO] 23:35:57:413 proceso/(6437:6437): DISCO 1
[INFO] 23:35:57:491 proceso/(6437:6437): RECURSO_1 2
[ERROR] 23:35:57:512 proceso/(6437:6437): El kernel no pudo conectarse a la memoria
[INFO] 23:42:21:560 proceso/(6631:6631): DISCO 1
[INFO] 23:42:21:618 proceso/(6631:6631): RECURSO_1 2
[ERROR] 23:42:21:634 proceso/(6631:6631): El kernel no pudo conectarse a la memoria
[INFO] 23:43:05:155 proceso/(6646:6646): DISCO 1
[INFO] 23:43:05:155 proceso/(6646:6646): RECURSO_1 2
[ERROR] 23:43:05:155 proceso/(6646:6646): El kernel no pudo conectarse a la memoria
[INFO] 23:45:03:426 proceso/(6767:6767): DISCO 1
[INFO] 23:45:03:426 proceso/(6767:6767): RECURSO_1 2
[ERROR] 23:45:03:427 proceso/(6767:6767): El kernel no pudo conectarse a la memoria
[INFO] 23:45:06:858 proceso/(6768:6768): DISCO 1
[INFO] 23:45:06:920 proceso/(6768:6768): RECURSO_1 2
[ERROR] 23:45:06:948 proceso/(6768:6768): El kernel no pudo conectarse a la memoria
[INFO] 23:45:15:185 proceso/(6769:6769): DISCO 1
[INFO] 23:45:15:185 proceso/(6769:6769): RECURSO_1 2
[ERROR] 23:45:15:186 proceso/(6769:6769): El kernel no pudo conectarse a la memoria
[INFO] 00:06:25:849 proceso/(7751:7751): DISCO 1
[INFO] 00:06:25:849 proceso/(7751:7751): RECURSO_1 2
[INFO] 00:06:38:070 proceso/(7751:7756): se conecto una consola
[INFO] 00:06:38:070 proceso/(7751:7756): Consola mando instrucciones
[INFO] 00:06:38:071 proceso/(7751:7756): Se crea el proceso 1 en NEW 

[INFO] 00:06:38:071 proceso/(7751:7754): PID: 1 - Estado Anterior: NEW - Estado Actual: READY
[ERROR] 00:06:38:071 proceso/(7751:7753): Error en la lectura del algoritmo de planificacion
[INFO] 00:09:01:580 proceso/(8372:8372): DISCO 1
[INFO] 00:09:01:581 proceso/(8372:8372): RECURSO_1 2
[INFO] 00:09:06:402 proceso/(8372:8377): se conecto una consola
[INFO] 00:09:06:402 proceso/(8372:8377): Consola mando instrucciones
[INFO] 00:09:06:402 proceso/(8372:8377): Se crea el proceso 1 en NEW 

[INFO] 00:09:06:402 proceso/(8372:8375): PID: 1 - Estado Anterior: NEW - Estado Actual: READY
[ERROR] 00:09:06:403 proceso/(8372:8374): Error en la comunicacion entre el Kernel y la CPU
[INFO] 00:12:33:827 proceso/(8560:8560): DISCO 1
[INFO] 00:12:33:828 proceso/(8560:8560): RECURSO_1 2
[INFO] 00:12:38:172 proceso/(8560:8565): se conecto una consola
[INFO] 00:12:38:173 proceso/(8560:8565): Consola mando instrucciones
[INFO] 00:12:38:173 proceso/(8560:8565): Se crea el proceso 1 en NEW 

[INFO] 00:12:38:173 proceso/(8560:8563): PID: 1 - Estado Anterior: NEW - Estado Actual: READY
[ERROR] 00:12:38:559 proceso/(8560:8562): Error en la comunicacion entre el Kernel y la CPU
[INFO] 00:14:09:698 proceso/(8622:8622): DISCO 1
[INFO] 00:14:09:699 proceso/(8622:8622): RECURSO_1 2
[INFO] 00:14:13:817 proceso/(8622:8627): se conecto una consola
[INFO] 00:14:13:818 proceso/(8622:8627): Consola mando instrucciones
[INFO] 00:14:13:818 proceso/(8622:8627): Se crea el proceso 1 en NEW 

[INFO] 00:14:13:818 proceso/(8622:8625): PID: 1 - Estado Anterior: NEW - Estado Actual: READY
[ERROR] 00:14:14:007 proceso/(8622:8624): Error en la comunicacion entre el Kernel y la CPU
[INFO] 00:15:16:734 proceso/(8704:8704): DISCO 1
[INFO] 00:15:16:734 proceso/(8704:8704): RECURSO_1 2
[INFO] 00:15:20:726 proceso/(8704:8709): se conecto una consola
[INFO] 00:15:20:726 proceso/(8704:8709): Consola mando instrucciones
[INFO] 00:15:20:727 proceso/(8704:8709): Se crea el proceso 1 en NEW 

[INFO] 00:15:20:728 proceso/(8704:8707): PID: 1 - Estado Anterior: NEW - Estado Actual: READY
[ERROR] 00:15:20:932 proceso/(8704:8706): Error en la comunicacion entre el Kernel y la CPU
[INFO] 00:16:46:924 proceso/(8804:8804): DISCO 1
[INFO] 00:16:46:925 proceso/(8804:8804): RECURSO_1 2
[INFO] 00:16:50:721 proceso/(8804:8809): se conecto una consola
[INFO] 00:16:50:721 proceso/(8804:8809): Consola mando instrucciones
[INFO] 00:16:50:721 proceso/(8804:8809): Se crea el proceso 1 en NEW 

[INFO] 00:16:50:723 proceso/(8804:8807): PID: 1 - Estado Anterior: NEW - Estado Actual: READY
[ERROR] 00:16:50:938 proceso/(8804:8806): Error en la comunicacion entre el Kernel y la CPU
[INFO] 00:24:13:600 proceso/(9497:9497): DISCO 1
[INFO] 00:24:13:602 proceso/(9497:9497): RECURSO_1 2
[INFO] 00:24:16:811 proceso/(9497:9502): se conecto una consola
[INFO] 00:24:16:811 proceso/(9497:9502): Consola mando instrucciones
[INFO] 00:24:16:812 proceso/(9497:9502): Se crea el proceso 1 en NEW 

[INFO] 00:24:16:812 proceso/(9497:9500): PID: 1 - Estado Anterior: NEW - Estado Actual: READY
[ERROR] 00:24:17:039 proceso/(9497:9499): Error en la comunicacion entre el Kernel y la CPU
[INFO] 00:28:19:997 proceso/(9649:9649): DISCO 1
[INFO] 00:28:19:998 proceso/(9649:9649): RECURSO_1 2
[INFO] 00:28:22:823 proceso/(9649:9654): se conecto una consola
[INFO] 00:28:22:823 proceso/(9649:9654): Consola mando instrucciones
[INFO] 00:28:22:823 proceso/(9649:9654): Se crea el proceso 1 en NEW 

[INFO] 00:28:22:824 proceso/(9649:9652): PID: 1 - Estado Anterior: NEW - Estado Actual: READY
[ERROR] 00:28:23:049 proceso/(9649:9651): Error en la comunicacion entre el Kernel y la CPU
[INFO] 01:03:21:114 proceso/(10478:10478): DISCO 1
[INFO] 01:03:21:114 proceso/(10478:10478): RECURSO_1 2
[INFO] 01:03:26:426 proceso/(10478:10483): se conecto una consola
[INFO] 01:03:26:426 proceso/(10478:10483): Consola mando instrucciones
[INFO] 01:03:26:426 proceso/(10478:10483): Se crea el proceso 1 en NEW 

[INFO] 01:03:26:426 proceso/(10478:10481): PID: 1 - Estado Anterior: NEW - Estado Actual: READY
[ERROR] 01:03:26:725 proceso/(10478:10480): Error en la comunicacion entre el Kernel y la CPU
[INFO] 01:04:25:409 proceso/(10562:10562): DISCO 1
[INFO] 01:04:25:409 proceso/(10562:10562): RECURSO_1 2
[ERROR] 01:04:25:410 proceso/(10562:10562): El kernel no pudo conectarse a el CPU
[INFO] 01:05:58:355 proceso/(10595:10595): DISCO 1
[INFO] 01:05:58:356 proceso/(10595:10595): RECURSO_1 2
[INFO] 01:06:01:818 proceso/(10595:10600): se conecto una consola
[INFO] 01:06:01:818 proceso/(10595:10600): Consola mando instrucciones
[INFO] 01:06:01:818 proceso/(10595:10600): Se crea el proceso 1 en NEW 

[INFO] 01:06:01:818 proceso/(10595:10598): PID: 1 - Estado Anterior: NEW - Estado Actual: READY
[ERROR] 01:06:01:981 proceso/(10595:10597): Error en la comunicacion entre el Kernel y la CPU
[INFO] 01:08:20:994 proceso/(10700:10700): DISCO 1
[INFO] 01:08:20:995 proceso/(10700:10700): RECURSO_1 2
[INFO] 01:08:27:553 proceso/(10700:10705): se conecto una consola
[INFO] 01:08:27:553 proceso/(10700:10705): Consola mando instrucciones
[INFO] 01:08:27:554 proceso/(10700:10705): Se crea el proceso 1 en NEW 

[INFO] 01:08:27:554 proceso/(10700:10703): PID: 1 - Estado Anterior: NEW - Estado Actual: READY
[ERROR] 01:08:38:993 proceso/(10700:10702): Error en la comunicacion entre el Kernel y la CPU
[INFO] 01:22:48:403 proceso/(11568:11568): DISCO 1
[INFO] 01:22:48:403 proceso/(11568:11568): RECURSO_1 2
[INFO] 01:22:51:464 proceso/(11568:11573): se conecto una consola
[INFO] 01:22:51:464 proceso/(11568:11573): Consola mando instrucciones
[INFO] 01:22:51:464 proceso/(11568:11573): Se crea el proceso 1 en NEW 

[INFO] 01:22:51:466 proceso/(11568:11571): PID: 1 - Estado Anterior: NEW - Estado Actual: READY
[ERROR] 01:23:43:901 proceso/(11568:11570): Error en la comunicacion entre el Kernel y la CPU
[INFO] 01:28:30:309 proceso/(11938:11938): DISCO 1
[INFO] 01:28:30:310 proceso/(11938:11938): RECURSO_1 2
[INFO] 01:28:33:510 proceso/(11938:11943): se conecto una consola
[INFO] 01:28:33:510 proceso/(11938:11943): Consola mando instrucciones
[INFO] 01:28:33:510 proceso/(11938:11943): Se crea el proceso 1 en NEW 

[INFO] 01:28:33:510 proceso/(11938:11941): PID: 1 - Estado Anterior: NEW - Estado Actual: READY
[ERROR] 01:29:37:004 proceso/(11938:11940): Error en la comunicacion entre el Kernel y la CPU
[INFO] 01:30:45:749 proceso/(11970:11970): DISCO 1
[INFO] 01:30:45:749 proceso/(11970:11970): RECURSO_1 2
[INFO] 01:30:49:116 proceso/(11970:11975): se conecto una consola
[INFO] 01:30:49:116 proceso/(11970:11975): Consola mando instrucciones
[INFO] 01:30:49:116 proceso/(11970:11975): Se crea el proceso 1 en NEW 

[INFO] 01:30:49:117 proceso/(11970:11973): PID: 1 - Estado Anterior: NEW - Estado Actual: READY
[ERROR] 01:31:28:294 proceso/(11970:11972): Error en la comunicacion entre el Kernel y la CPU
[INFO] 01:32:09:928 proceso/(12016:12016): DISCO 1
[INFO] 01:32:09:929 proceso/(12016:12016): RECURSO_1 2
[ERROR] 01:32:09:930 proceso/(12016:12016): El kernel no pudo conectarse a el CPU
[INFO] 01:33:49:668 proceso/(12038:12038): DISCO 1
[INFO] 01:33:49:669 proceso/(12038:12038): RECURSO_1 2
[INFO] 01:33:54:797 proceso/(12038:12044): se conecto una consola
[INFO] 01:33:54:797 proceso/(12038:12044): Consola mando instrucciones
[INFO] 01:33:54:798 proceso/(12038:12044): Se crea el proceso 1 en NEW 

[INFO] 01:33:54:798 proceso/(12038:12041): PID: 1 - Estado Anterior: NEW - Estado Actual: READY
[ERROR] 01:38:47:763 proceso/(12038:12040): Error en la comunicacion entre el Kernel y la CPU
[INFO] 01:40:08:690 proceso/(12372:12372): DISCO 1
[INFO] 01:40:08:690 proceso/(12372:12372): RECURSO_1 2
[INFO] 01:40:13:807 proceso/(12372:12377): se conecto una consola
[INFO] 01:40:13:807 proceso/(12372:12377): Consola mando instrucciones
[INFO] 01:40:13:807 proceso/(12372:12377): Se crea el proceso 1 en NEW 

[INFO] 01:40:13:808 proceso/(12372:12375): PID: 1 - Estado Anterior: NEW - Estado Actual: READY
[ERROR] 01:40:52:560 proceso/(12372:12374): Error en la comunicacion entre el Kernel y la CPU
[INFO] 01:42:06:344 proceso/(12457:12457): DISCO 1
[INFO] 01:42:06:344 proceso/(12457:12457): RECURSO_1 2
[INFO] 01:42:10:705 proceso/(12457:12462): se conecto una consola
[INFO] 01:42:10:705 proceso/(12457:12462): Consola mando instrucciones
[INFO] 01:42:10:705 proceso/(12457:12462): Se crea el proceso 1 en NEW 

[INFO] 01:42:10:705 proceso/(12457:12460): PID: 1 - Estado Anterior: NEW - Estado Actual: READY
[ERROR] 01:42:10:706 proceso/(12457:12459): Error en la comunicacion entre el Kernel y la CPU
[INFO] 01:44:55:397 proceso/(12679:12679): DISCO 1
[INFO] 01:44:55:398 proceso/(12679:12679): RECURSO_1 2
[INFO] 01:44:59:152 proceso/(12679:12684): se conecto una consola
[INFO] 01:44:59:152 proceso/(12679:12684): Consola mando instrucciones
[INFO] 01:44:59:152 proceso/(12679:12684): Se crea el proceso 1 en NEW 

[INFO] 01:44:59:153 proceso/(12679:12682): PID: 1 - Estado Anterior: NEW - Estado Actual: READY
[INFO] 01:45:09:374 proceso/(12679:12686): se conecto una consola
[INFO] 01:45:09:374 proceso/(12679:12686): Consola mando instrucciones
[INFO] 01:45:09:374 proceso/(12679:12686): Se crea el proceso 2 en NEW 

[INFO] 01:45:09:374 proceso/(12679:12682): PID: 2 - Estado Anterior: NEW - Estado Actual: READY
[INFO] 01:47:15:031 proceso/(12782:12787): se conecto una consola
[INFO] 01:47:15:032 proceso/(12782:12787): Consola mando instrucciones
[INFO] 01:47:15:032 proceso/(12782:12787): Se crea el proceso 1 en NEW 

[INFO] 01:47:15:032 proceso/(12782:12785): PID: 1 - Estado Anterior: NEW - Estado Actual: READY
[INFO] 01:49:17:578 proceso/(12811:12816): se conecto una consola
[INFO] 01:49:17:578 proceso/(12811:12816): Consola mando instrucciones
[INFO] 01:49:17:578 proceso/(12811:12816): Se crea el proceso 1 en NEW 

[INFO] 01:49:17:578 proceso/(12811:12814): PID: 1 - Estado Anterior: NEW - Estado Actual: READY
[INFO] 01:53:56:925 proceso/(13038:13043): se conecto una consola
[INFO] 01:53:56:925 proceso/(13038:13043): Consola mando instrucciones
[INFO] 01:53:56:926 proceso/(13038:13043): Se crea el proceso 1 en NEW 

[INFO] 01:53:56:926 proceso/(13038:13041): PID: 1 - Estado Anterior: NEW - Estado Actual: READY
[INFO] 02:02:00:885 proceso/(13725:13730): se conecto una consola
[INFO] 02:02:00:886 proceso/(13725:13730): Consola mando instrucciones
[INFO] 02:02:00:886 proceso/(13725:13730): Se crea el proceso 1 en NEW 

[INFO] 02:02:00:886 proceso/(13725:13728): PID: 1 - Estado Anterior: NEW - Estado Actual: READY
[INFO] 02:10:33:695 proceso/(13961:13966): se conecto una consola
[INFO] 02:10:33:695 proceso/(13961:13966): Consola mando instrucciones
[INFO] 02:10:33:695 proceso/(13961:13966): Se crea el proceso 1 en NEW 

[INFO] 02:10:33:695 proceso/(13961:13964): PID: 1 - Estado Anterior: NEW - Estado Actual: READY
[INFO] 02:13:56:421 proceso/(14044:14049): se conecto una consola
[INFO] 02:13:56:422 proceso/(14044:14049): Consola mando instrucciones
[INFO] 02:13:56:422 proceso/(14044:14049): Se crea el proceso 1 en NEW 

[INFO] 02:13:56:422 proceso/(14044:14047): PID: 1 - Estado Anterior: NEW - Estado Actual: READY
[INFO] 02:22:37:641 proceso/(14315:14320): se conecto una consola
[INFO] 02:22:37:642 proceso/(14315:14320): Consola mando instrucciones
[INFO] 02:22:37:642 proceso/(14315:14320): Se crea el proceso 1 en NEW 

[INFO] 02:22:37:642 proceso/(14315:14318): PID: 1 - Estado Anterior: NEW - Estado Actual: READY
[ERROR] 02:23:48:025 proceso/(14345:14345): El kernel no pudo conectarse a el CPU
[INFO] 02:25:28:096 proceso/(14362:14367): se conecto una consola
[INFO] 02:25:28:141 proceso/(14362:14367): Consola mando instrucciones
[INFO] 02:25:28:149 proceso/(14362:14367): Se crea el proceso 1 en NEW 

[INFO] 02:25:28:159 proceso/(14362:14365): PID: 1 - Estado Anterior: NEW - Estado Actual: READY
[INFO] 02:31:53:599 proceso/(14501:14506): se conecto una consola
[INFO] 02:31:53:602 proceso/(14501:14506): Consola mando instrucciones
[INFO] 02:31:53:602 proceso/(14501:14506): Se crea el proceso 1 en NEW 

[INFO] 02:31:53:602 proceso/(14501:14504): PID: 1 - Estado Anterior: NEW - Estado Actual: READY
[INFO] 02:32:54:939 proceso/(14617:14622): se conecto una consola
[INFO] 02:32:54:940 proceso/(14617:14622): Consola mando instrucciones
[INFO] 02:32:54:940 proceso/(14617:14622): Se crea el proceso 1 en NEW 

[INFO] 02:32:54:940 proceso/(14617:14620): PID: 1 - Estado Anterior: NEW - Estado Actual: READY
[INFO] 02:32:59:941 proceso/(14617:14619): AX: HOLA
[INFO] 02:34:06:790 proceso/(14632:14637): se conecto una consola
[INFO] 02:34:06:790 proceso/(14632:14637): Consola mando instrucciones
[INFO] 02:34:06:790 proceso/(14632:14637): Se crea el proceso 1 en NEW 

[INFO] 02:34:06:791 proceso/(14632:14635): PID: 1 - Estado Anterior: NEW - Estado Actual: READY
[INFO] 02:34:11:793 proceso/(14632:14634): AX: HOLA
