[WARNING] 00:14:35:548 Kernel/(10917:10917): Kernel listo para recibir a Consolas
[WARNING] 00:14:36:665 Kernel/(10917:10923): Se conecto una consola
[WARNING] 00:20:03:184 Kernel/(11103:11103): Kernel listo para recibir a Consolas
[WARNING] 00:20:05:214 Kernel/(11103:11109): Se conecto una consola
[WARNING] 00:21:46:590 Kernel/(11208:11208): Kernel listo para recibir a Consolas
[WARNING] 00:21:47:707 Kernel/(11208:11214): Se conecto una consola
[WARNING] 00:21:47:731 Kernel/(11208:11210): estimado_prox_rafaga (cuenta): 0.000000
[WARNING] 00:21:47:732 Kernel/(11208:11210): estimado_prox_rafaga: 0
[WARNING] 00:23:05:655 Kernel/(11275:11275): Kernel listo para recibir a Consolas
[WARNING] 00:23:07:856 Kernel/(11275:11281): Se conecto una consola
[WARNING] 00:23:07:882 Kernel/(11275:11277): alpha: 0.000000
[WARNING] 00:23:07:883 Kernel/(11275:11277): tiempo_real_ejecucion: 0
[WARNING] 00:23:07:883 Kernel/(11275:11277): estimado_prox_rafaga (cuenta): 0.000000
[WARNING] 00:23:07:884 Kernel/(11275:11277): estimado_prox_rafaga: 0
[WARNING] 00:23:44:812 Kernel/(11365:11365): Kernel listo para recibir a Consolas
[WARNING] 00:23:46:601 Kernel/(11365:11371): Se conecto una consola
[WARNING] 00:23:46:627 Kernel/(11365:11367): alpha: 0.000000
[WARNING] 00:23:46:627 Kernel/(11365:11367): tiempo_real_ejecucion: 0
[WARNING] 00:23:46:628 Kernel/(11365:11367): estimado_prox_rafaga (cuenta): 0.000000
[WARNING] 00:23:46:628 Kernel/(11365:11367): estimado_prox_rafaga: 0
[WARNING] 00:24:29:194 Kernel/(11492:11492): Kernel listo para recibir a Consolas
[WARNING] 00:24:30:107 Kernel/(11492:11498): Se conecto una consola
[WARNING] 00:24:30:140 Kernel/(11492:11494): alpha: 0.500000
[WARNING] 00:24:30:141 Kernel/(11492:11494): tiempo_real_ejecucion: 0
[WARNING] 00:24:30:142 Kernel/(11492:11494): estimado_prox_rafaga (cuenta): 0.000000
[WARNING] 00:24:30:143 Kernel/(11492:11494): estimado_prox_rafaga: 0
[WARNING] 00:30:16:334 Kernel/(11590:11590): Kernel listo para recibir a Consolas
[WARNING] 00:30:18:120 Kernel/(11590:11596): Se conecto una consola
[WARNING] 00:30:18:147 Kernel/(11590:11592): alpha: 0.500000
[WARNING] 00:30:18:148 Kernel/(11590:11592): tiempo_real_ejecucion: 0
[WARNING] 00:30:18:149 Kernel/(11590:11592): estimado_prox_rafaga (cuenta): 0.000000
[WARNING] 00:30:18:150 Kernel/(11590:11592): estimado_prox_rafaga: 0
[WARNING] 00:31:11:985 Kernel/(11677:11677): Kernel listo para recibir a Consolas
[WARNING] 00:31:13:848 Kernel/(11677:11683): Se conecto una consola
[WARNING] 00:31:13:874 Kernel/(11677:11679): alpha: 0.500000
[WARNING] 00:31:13:875 Kernel/(11677:11679): tiempo_real_ejecucion: 0
[WARNING] 00:31:13:877 Kernel/(11677:11679): estimado_prox_rafaga (cuenta): 0.000000
[WARNING] 00:31:13:877 Kernel/(11677:11679): estimado_prox_rafaga: 0
[WARNING] 00:33:12:626 Kernel/(11720:11720): Kernel listo para recibir a Consolas
[WARNING] 00:33:14:154 Kernel/(11720:11726): Se conecto una consola
[WARNING] 00:33:14:175 Kernel/(11720:11722): alpha: 0.500000
[WARNING] 00:33:14:179 Kernel/(11720:11722): tiempo_real_ejecucion: 0
[WARNING] 00:33:14:182 Kernel/(11720:11722): estimado_prox_rafaga (cuenta): 0.000000
[WARNING] 00:33:14:182 Kernel/(11720:11722): estimado_prox_rafaga: 0
[WARNING] 00:34:41:216 Kernel/(11858:11858): Kernel listo para recibir a Consolas
[WARNING] 00:34:42:364 Kernel/(11858:11864): Se conecto una consola
[WARNING] 00:34:42:385 Kernel/(11858:11864): tiempo_real_ejecucion (conexiones): 0
[WARNING] 00:34:42:397 Kernel/(11858:11860): alpha: 0.500000
[WARNING] 00:34:42:404 Kernel/(11858:11860): tiempo_real_ejecucion: 0.002000
[WARNING] 00:34:42:405 Kernel/(11858:11860): estimado_prox_rafaga (cuenta): 0.001000
[WARNING] 00:34:42:405 Kernel/(11858:11860): estimado_prox_rafaga: 0
[WARNING] 00:37:38:943 Kernel/(12028:12028): Kernel listo para recibir a Consolas
[WARNING] 00:37:40:399 Kernel/(12028:12034): Se conecto una consola
[WARNING] 00:37:40:424 Kernel/(12028:12030): alpha: 0.500000
[WARNING] 00:37:40:427 Kernel/(12028:12030): tiempo_real_ejecucion: 0.002000
[WARNING] 00:37:40:427 Kernel/(12028:12030): estimado_prox_rafaga (cuenta): 0.002000
[WARNING] 00:37:40:427 Kernel/(12028:12030): estimado_prox_rafaga: 0.002000
[WARNING] 00:37:46:670 Kernel/(12028:12037): Se conecto una consola
[WARNING] 00:37:46:671 Kernel/(12028:12030): alpha: 0.500000
[WARNING] 00:37:46:671 Kernel/(12028:12030): tiempo_real_ejecucion: 0.002000
[WARNING] 00:37:46:672 Kernel/(12028:12030): estimado_prox_rafaga (cuenta): 0.002000
[WARNING] 00:37:46:672 Kernel/(12028:12030): estimado_prox_rafaga: 0.002000
[WARNING] 00:37:47:923 Kernel/(12028:12040): Se conecto una consola
[WARNING] 00:37:47:924 Kernel/(12028:12030): alpha: 0.500000
[WARNING] 00:37:47:924 Kernel/(12028:12030): tiempo_real_ejecucion: 0.002000
[WARNING] 00:37:47:924 Kernel/(12028:12030): estimado_prox_rafaga (cuenta): 0.002000
[WARNING] 00:37:47:924 Kernel/(12028:12030): estimado_prox_rafaga: 0.002000
[WARNING] 00:37:52:512 Kernel/(12028:12029): alpha: 0.500000
[WARNING] 00:37:52:516 Kernel/(12028:12029): tiempo_real_ejecucion: 1685752672.000000
[WARNING] 00:37:52:516 Kernel/(12028:12029): estimado_prox_rafaga (cuenta): 1264314504.000000
[WARNING] 00:37:52:517 Kernel/(12028:12029): estimado_prox_rafaga: 842876336.000000
[WARNING] 00:37:54:526 Kernel/(12028:12029): alpha: 0.500000
[WARNING] 00:37:54:528 Kernel/(12028:12029): tiempo_real_ejecucion: 1685752674.000000
[WARNING] 00:37:54:535 Kernel/(12028:12029): estimado_prox_rafaga (cuenta): 1264314505.500000
[WARNING] 00:37:54:536 Kernel/(12028:12029): estimado_prox_rafaga: 842876337.000000
[WARNING] 00:37:56:550 Kernel/(12028:12029): alpha: 0.500000
[WARNING] 00:37:56:550 Kernel/(12028:12029): tiempo_real_ejecucion: 1685752676.000000
[WARNING] 00:37:56:550 Kernel/(12028:12029): estimado_prox_rafaga (cuenta): 1264314507.000000
[WARNING] 00:37:56:551 Kernel/(12028:12029): estimado_prox_rafaga: 842876338.000000
[WARNING] 00:38:00:571 Kernel/(12028:12029): alpha: 0.500000
[WARNING] 00:38:00:572 Kernel/(12028:12029): tiempo_real_ejecucion: 1685752680.000000
[WARNING] 00:38:00:572 Kernel/(12028:12029): estimado_prox_rafaga (cuenta): 1264314510.000000
[WARNING] 00:38:00:573 Kernel/(12028:12029): estimado_prox_rafaga: 842876340.000000
[WARNING] 00:38:02:587 Kernel/(12028:12029): alpha: 0.500000
[WARNING] 00:38:02:587 Kernel/(12028:12029): tiempo_real_ejecucion: 1685752682.000000
[WARNING] 00:38:02:587 Kernel/(12028:12029): estimado_prox_rafaga (cuenta): 1264314511.500000
[WARNING] 00:38:02:588 Kernel/(12028:12029): estimado_prox_rafaga: 842876341.000000
[WARNING] 00:38:04:592 Kernel/(12028:12029): alpha: 0.500000
[WARNING] 00:38:04:593 Kernel/(12028:12029): tiempo_real_ejecucion: 1685752684.000000
[WARNING] 00:38:04:593 Kernel/(12028:12029): estimado_prox_rafaga (cuenta): 1264314513.000000
[WARNING] 00:38:04:593 Kernel/(12028:12029): estimado_prox_rafaga: 842876342.000000
[WARNING] 00:38:06:604 Kernel/(12028:12029): alpha: 0.500000
[WARNING] 00:38:06:604 Kernel/(12028:12029): tiempo_real_ejecucion: 1685752686.000000
[WARNING] 00:38:06:604 Kernel/(12028:12029): estimado_prox_rafaga (cuenta): 1264314514.500000
[WARNING] 00:38:06:604 Kernel/(12028:12029): estimado_prox_rafaga: 842876343.000000
[WARNING] 00:38:08:611 Kernel/(12028:12029): alpha: 0.500000
[WARNING] 00:38:08:611 Kernel/(12028:12029): tiempo_real_ejecucion: 1685752688.000000
[WARNING] 00:38:08:612 Kernel/(12028:12029): estimado_prox_rafaga (cuenta): 1264314516.000000
[WARNING] 00:38:08:612 Kernel/(12028:12029): estimado_prox_rafaga: 842876344.000000
[WARNING] 00:38:10:622 Kernel/(12028:12029): alpha: 0.500000
[WARNING] 00:38:10:624 Kernel/(12028:12029): tiempo_real_ejecucion: 1685752690.000000
[WARNING] 00:38:10:625 Kernel/(12028:12029): estimado_prox_rafaga (cuenta): 1264314517.500000
[WARNING] 00:38:10:631 Kernel/(12028:12029): estimado_prox_rafaga: 842876345.000000
[WARNING] 00:38:12:641 Kernel/(12028:12029): alpha: 0.500000
[WARNING] 00:38:12:641 Kernel/(12028:12029): tiempo_real_ejecucion: 1685752692.000000
[WARNING] 00:38:12:642 Kernel/(12028:12029): estimado_prox_rafaga (cuenta): 1264314519.000000
[WARNING] 00:38:12:642 Kernel/(12028:12029): estimado_prox_rafaga: 842876346.000000
[WARNING] 00:38:14:647 Kernel/(12028:12029): alpha: 0.500000
[WARNING] 00:38:14:647 Kernel/(12028:12029): tiempo_real_ejecucion: 1685752694.000000
[WARNING] 00:38:14:648 Kernel/(12028:12029): estimado_prox_rafaga (cuenta): 1264314520.500000
[WARNING] 00:38:14:648 Kernel/(12028:12029): estimado_prox_rafaga: 842876347.000000
[WARNING] 00:38:16:657 Kernel/(12028:12029): alpha: 0.500000
[WARNING] 00:38:16:657 Kernel/(12028:12029): tiempo_real_ejecucion: 1685752696.000000
[WARNING] 00:38:16:657 Kernel/(12028:12029): estimado_prox_rafaga (cuenta): 1264314522.000000
[WARNING] 00:38:16:658 Kernel/(12028:12029): estimado_prox_rafaga: 842876348.000000
[WARNING] 00:38:18:666 Kernel/(12028:12029): alpha: 0.500000
[WARNING] 00:38:18:667 Kernel/(12028:12029): tiempo_real_ejecucion: 1685752698.000000
[WARNING] 00:38:18:667 Kernel/(12028:12029): estimado_prox_rafaga (cuenta): 1264314523.500000
[WARNING] 00:38:18:667 Kernel/(12028:12029): estimado_prox_rafaga: 842876349.000000
[WARNING] 00:38:20:672 Kernel/(12028:12029): alpha: 0.500000
[WARNING] 00:38:20:673 Kernel/(12028:12029): tiempo_real_ejecucion: 1685752700.000000
[WARNING] 00:38:20:673 Kernel/(12028:12029): estimado_prox_rafaga (cuenta): 1264314525.000000
[WARNING] 00:38:20:673 Kernel/(12028:12029): estimado_prox_rafaga: 842876350.000000
[WARNING] 00:38:22:677 Kernel/(12028:12029): alpha: 0.500000
[WARNING] 00:38:22:677 Kernel/(12028:12029): tiempo_real_ejecucion: 1685752702.000000
[WARNING] 00:38:22:677 Kernel/(12028:12029): estimado_prox_rafaga (cuenta): 1264314526.500000
[WARNING] 00:38:22:678 Kernel/(12028:12029): estimado_prox_rafaga: 842876351.000000
[WARNING] 00:38:23:682 Kernel/(12028:12029): alpha: 0.500000
[WARNING] 00:38:23:682 Kernel/(12028:12029): tiempo_real_ejecucion: 1685752703.000000
[WARNING] 00:38:23:682 Kernel/(12028:12029): estimado_prox_rafaga (cuenta): 1264314527.250000
[WARNING] 00:38:23:682 Kernel/(12028:12029): estimado_prox_rafaga: 842876351.500000
[WARNING] 00:38:24:685 Kernel/(12028:12029): alpha: 0.500000
[WARNING] 00:38:24:685 Kernel/(12028:12029): tiempo_real_ejecucion: 1685752704.000000
[WARNING] 00:38:24:686 Kernel/(12028:12029): estimado_prox_rafaga (cuenta): 1264314528.000000
[WARNING] 00:38:24:686 Kernel/(12028:12029): estimado_prox_rafaga: 842876352.000000
[WARNING] 00:42:46:209 Kernel/(12124:12124): Kernel listo para recibir a Consolas
[WARNING] 00:42:47:704 Kernel/(12124:12131): Se conecto una consola
[WARNING] 00:42:47:725 Kernel/(12124:12127): alpha: 0.500000
[WARNING] 00:42:47:727 Kernel/(12124:12127): tiempo_real_ejecucion: 0.002000
[WARNING] 00:42:47:727 Kernel/(12124:12127): estimado_prox_rafaga (cuenta): 0.002000
[WARNING] 00:42:47:727 Kernel/(12124:12127): estimado_prox_rafaga: 0.002000
[WARNING] 00:42:48:491 Kernel/(12124:12134): Se conecto una consola
[WARNING] 00:42:48:493 Kernel/(12124:12127): alpha: 0.500000
[WARNING] 00:42:48:493 Kernel/(12124:12127): tiempo_real_ejecucion: 0.002000
[WARNING] 00:42:48:493 Kernel/(12124:12127): estimado_prox_rafaga (cuenta): 0.002000
[WARNING] 00:42:48:494 Kernel/(12124:12127): estimado_prox_rafaga: 0.002000
[WARNING] 00:42:50:811 Kernel/(12124:12137): Se conecto una consola
[WARNING] 00:42:50:816 Kernel/(12124:12127): alpha: 0.500000
[WARNING] 00:42:50:819 Kernel/(12124:12127): tiempo_real_ejecucion: 0.002000
[WARNING] 00:42:50:819 Kernel/(12124:12127): estimado_prox_rafaga (cuenta): 0.002000
[WARNING] 00:42:50:819 Kernel/(12124:12127): estimado_prox_rafaga: 0.002000
[WARNING] 00:43:12:164 Kernel/(12124:12126): alpha: 0.500000
[WARNING] 00:43:12:177 Kernel/(12124:12126): tiempo_real_ejecucion: 1685752992.000000
[WARNING] 00:43:12:178 Kernel/(12124:12126): estimado_prox_rafaga (cuenta): 1264314744.000000
[WARNING] 00:43:12:178 Kernel/(12124:12126): estimado_prox_rafaga: 842876496.000000
[WARNING] 00:43:29:321 Kernel/(12124:12126): alpha: 0.500000
[WARNING] 00:43:29:346 Kernel/(12124:12126): tiempo_real_ejecucion: 1685753009.000000
[WARNING] 00:43:29:351 Kernel/(12124:12126): estimado_prox_rafaga (cuenta): 1264314756.750000
[WARNING] 00:43:29:352 Kernel/(12124:12126): estimado_prox_rafaga: 842876504.500000
[WARNING] 00:43:45:142 Kernel/(12124:12126): alpha: 0.500000
[WARNING] 00:43:45:145 Kernel/(12124:12126): tiempo_real_ejecucion: 1685753025.000000
[WARNING] 00:43:45:145 Kernel/(12124:12126): estimado_prox_rafaga (cuenta): 1264314768.750000
[WARNING] 00:43:45:158 Kernel/(12124:12126): estimado_prox_rafaga: 842876512.500000
[WARNING] 00:49:19:859 Kernel/(12258:12258): Kernel listo para recibir a Consolas
[WARNING] 00:49:23:357 Kernel/(12258:12265): Se conecto una consola
[WARNING] 00:49:23:379 Kernel/(12258:12261): alpha: 0.500000
[WARNING] 00:49:23:381 Kernel/(12258:12261): tiempo_real_ejecucion: 0.002000
[WARNING] 00:49:23:382 Kernel/(12258:12261): estimado_prox_rafaga (cuenta): 0.002000
[WARNING] 00:49:23:382 Kernel/(12258:12261): estimado_prox_rafaga: 0.002000
[WARNING] 00:49:24:638 Kernel/(12258:12268): Se conecto una consola
[WARNING] 00:49:24:639 Kernel/(12258:12261): alpha: 0.500000
[WARNING] 00:49:24:639 Kernel/(12258:12261): tiempo_real_ejecucion: 0.002000
[WARNING] 00:49:24:639 Kernel/(12258:12261): estimado_prox_rafaga (cuenta): 0.002000
[WARNING] 00:49:24:639 Kernel/(12258:12261): estimado_prox_rafaga: 0.002000
[WARNING] 00:49:25:730 Kernel/(12258:12271): Se conecto una consola
[WARNING] 00:49:25:731 Kernel/(12258:12261): alpha: 0.500000
[WARNING] 00:49:25:732 Kernel/(12258:12261): tiempo_real_ejecucion: 0.002000
[WARNING] 00:49:25:732 Kernel/(12258:12261): estimado_prox_rafaga (cuenta): 0.002000
[WARNING] 00:49:25:732 Kernel/(12258:12261): estimado_prox_rafaga: 0.002000
[WARNING] 00:49:35:446 Kernel/(12258:12260): alpha: 0.500000
[WARNING] 00:49:35:450 Kernel/(12258:12260): tiempo_real_ejecucion: 12.000000
[WARNING] 00:49:35:450 Kernel/(12258:12260): estimado_prox_rafaga (cuenta): 9.000500
[WARNING] 00:49:35:451 Kernel/(12258:12260): estimado_prox_rafaga: 6.001000
[WARNING] 00:49:37:455 Kernel/(12258:12260): alpha: 0.500000
[WARNING] 00:49:37:455 Kernel/(12258:12260): tiempo_real_ejecucion: 2.000000
[WARNING] 00:49:37:456 Kernel/(12258:12260): estimado_prox_rafaga (cuenta): 1.500500
[WARNING] 00:49:37:457 Kernel/(12258:12260): estimado_prox_rafaga: 1.001000
[WARNING] 00:49:39:462 Kernel/(12258:12260): alpha: 0.500000
[WARNING] 00:49:39:463 Kernel/(12258:12260): tiempo_real_ejecucion: 2.000000
[WARNING] 00:49:39:463 Kernel/(12258:12260): estimado_prox_rafaga (cuenta): 1.500500
[WARNING] 00:49:39:463 Kernel/(12258:12260): estimado_prox_rafaga: 1.001000
[WARNING] 00:49:41:467 Kernel/(12258:12260): alpha: 0.500000
[WARNING] 00:49:41:468 Kernel/(12258:12260): tiempo_real_ejecucion: 2.000000
[WARNING] 00:49:41:468 Kernel/(12258:12260): estimado_prox_rafaga (cuenta): 1.750250
[WARNING] 00:49:41:468 Kernel/(12258:12260): estimado_prox_rafaga: 1.500500
[WARNING] 00:49:43:483 Kernel/(12258:12260): alpha: 0.500000
[WARNING] 00:49:43:484 Kernel/(12258:12260): tiempo_real_ejecucion: 2.000000
[WARNING] 00:49:43:484 Kernel/(12258:12260): estimado_prox_rafaga (cuenta): 1.750250
[WARNING] 00:49:43:484 Kernel/(12258:12260): estimado_prox_rafaga: 1.500500
[WARNING] 00:49:47:496 Kernel/(12258:12260): alpha: 0.500000
[WARNING] 00:49:47:496 Kernel/(12258:12260): tiempo_real_ejecucion: 2.000000
[WARNING] 00:49:47:497 Kernel/(12258:12260): estimado_prox_rafaga (cuenta): 1.875125
[WARNING] 00:49:47:497 Kernel/(12258:12260): estimado_prox_rafaga: 1.750250
[WARNING] 00:49:49:501 Kernel/(12258:12260): alpha: 0.500000
[WARNING] 00:49:49:501 Kernel/(12258:12260): tiempo_real_ejecucion: 2.000000
[WARNING] 00:49:49:501 Kernel/(12258:12260): estimado_prox_rafaga (cuenta): 1.875125
[WARNING] 00:49:49:501 Kernel/(12258:12260): estimado_prox_rafaga: 1.750250
[WARNING] 00:49:51:505 Kernel/(12258:12260): alpha: 0.500000
[WARNING] 00:49:51:506 Kernel/(12258:12260): tiempo_real_ejecucion: 2.000000
[WARNING] 00:49:51:506 Kernel/(12258:12260): estimado_prox_rafaga (cuenta): 1.937562
[WARNING] 00:49:51:506 Kernel/(12258:12260): estimado_prox_rafaga: 1.875125
[WARNING] 00:49:53:512 Kernel/(12258:12260): alpha: 0.500000
[WARNING] 00:49:53:512 Kernel/(12258:12260): tiempo_real_ejecucion: 2.000000
[WARNING] 00:49:53:513 Kernel/(12258:12260): estimado_prox_rafaga (cuenta): 1.937562
[WARNING] 00:49:53:513 Kernel/(12258:12260): estimado_prox_rafaga: 1.875125
[WARNING] 00:49:55:517 Kernel/(12258:12260): alpha: 0.500000
[WARNING] 00:49:55:517 Kernel/(12258:12260): tiempo_real_ejecucion: 2.000000
[WARNING] 00:49:55:518 Kernel/(12258:12260): estimado_prox_rafaga (cuenta): 1.968781
[WARNING] 00:49:55:518 Kernel/(12258:12260): estimado_prox_rafaga: 1.937562
[WARNING] 00:49:57:521 Kernel/(12258:12260): alpha: 0.500000
[WARNING] 00:49:57:521 Kernel/(12258:12260): tiempo_real_ejecucion: 2.000000
[WARNING] 00:49:57:522 Kernel/(12258:12260): estimado_prox_rafaga (cuenta): 1.968781
[WARNING] 00:49:57:522 Kernel/(12258:12260): estimado_prox_rafaga: 1.937562
[WARNING] 00:49:59:526 Kernel/(12258:12260): alpha: 0.500000
[WARNING] 00:49:59:526 Kernel/(12258:12260): tiempo_real_ejecucion: 2.000000
[WARNING] 00:49:59:527 Kernel/(12258:12260): estimado_prox_rafaga (cuenta): 1.984391
[WARNING] 00:49:59:527 Kernel/(12258:12260): estimado_prox_rafaga: 1.968781
[WARNING] 00:50:01:531 Kernel/(12258:12260): alpha: 0.500000
[WARNING] 00:50:01:531 Kernel/(12258:12260): tiempo_real_ejecucion: 2.000000
[WARNING] 00:50:01:531 Kernel/(12258:12260): estimado_prox_rafaga (cuenta): 1.984391
[WARNING] 00:50:01:532 Kernel/(12258:12260): estimado_prox_rafaga: 1.968781
[WARNING] 00:50:03:538 Kernel/(12258:12260): alpha: 0.500000
[WARNING] 00:50:03:538 Kernel/(12258:12260): tiempo_real_ejecucion: 2.000000
[WARNING] 00:50:03:538 Kernel/(12258:12260): estimado_prox_rafaga (cuenta): 1.992195
[WARNING] 00:50:03:539 Kernel/(12258:12260): estimado_prox_rafaga: 1.984391
[WARNING] 00:50:05:544 Kernel/(12258:12260): alpha: 0.500000
[WARNING] 00:50:05:545 Kernel/(12258:12260): tiempo_real_ejecucion: 2.000000
[WARNING] 00:50:05:545 Kernel/(12258:12260): estimado_prox_rafaga (cuenta): 1.992195
[WARNING] 00:50:05:545 Kernel/(12258:12260): estimado_prox_rafaga: 1.984391
[WARNING] 00:50:06:549 Kernel/(12258:12260): alpha: 0.500000
[WARNING] 00:50:06:550 Kernel/(12258:12260): tiempo_real_ejecucion: 1.000000
[WARNING] 00:50:06:550 Kernel/(12258:12260): estimado_prox_rafaga (cuenta): 1.246098
[WARNING] 00:50:06:550 Kernel/(12258:12260): estimado_prox_rafaga: 1.492195
[WARNING] 00:50:07:554 Kernel/(12258:12260): alpha: 0.500000
[WARNING] 00:50:07:555 Kernel/(12258:12260): tiempo_real_ejecucion: 1.000000
[WARNING] 00:50:07:555 Kernel/(12258:12260): estimado_prox_rafaga (cuenta): 1.246098
[WARNING] 00:50:07:555 Kernel/(12258:12260): estimado_prox_rafaga: 1.492195
[WARNING] 00:51:24:853 Kernel/(12394:12394): Kernel listo para recibir a Consolas
[WARNING] 00:51:25:489 Kernel/(12394:12400): Se conecto una consola
[WARNING] 00:51:25:513 Kernel/(12394:12396): tiempo_real_ejecucion: 0.002000
[WARNING] 00:51:25:513 Kernel/(12394:12396): estimado_prox_rafaga (cuenta): 0.002000
[WARNING] 00:51:25:514 Kernel/(12394:12396): estimado_prox_rafaga: 0.002000
[WARNING] 00:51:26:232 Kernel/(12394:12403): Se conecto una consola
[WARNING] 00:51:26:233 Kernel/(12394:12396): tiempo_real_ejecucion: 0.002000
[WARNING] 00:51:26:233 Kernel/(12394:12396): estimado_prox_rafaga (cuenta): 0.002000
[WARNING] 00:51:26:234 Kernel/(12394:12396): estimado_prox_rafaga: 0.002000
[WARNING] 00:51:26:952 Kernel/(12394:12406): Se conecto una consola
[WARNING] 00:51:26:953 Kernel/(12394:12396): tiempo_real_ejecucion: 0.002000
[WARNING] 00:51:26:953 Kernel/(12394:12396): estimado_prox_rafaga (cuenta): 0.002000
[WARNING] 00:51:26:953 Kernel/(12394:12396): estimado_prox_rafaga: 0.002000
[WARNING] 00:51:37:585 Kernel/(12394:12395): tiempo_real_ejecucion: 12.000000
[WARNING] 00:51:37:585 Kernel/(12394:12395): estimado_prox_rafaga (cuenta): 6.001000
[WARNING] 00:51:37:585 Kernel/(12394:12395): estimado_prox_rafaga: 6.001000
[WARNING] 00:51:39:589 Kernel/(12394:12395): tiempo_real_ejecucion: 2.000000
[WARNING] 00:51:39:590 Kernel/(12394:12395): estimado_prox_rafaga (cuenta): 1.001000
[WARNING] 00:51:39:590 Kernel/(12394:12395): estimado_prox_rafaga: 1.001000
[WARNING] 00:51:41:596 Kernel/(12394:12395): tiempo_real_ejecucion: 2.000000
[WARNING] 00:51:41:596 Kernel/(12394:12395): estimado_prox_rafaga (cuenta): 1.001000
[WARNING] 00:51:41:596 Kernel/(12394:12395): estimado_prox_rafaga: 1.001000
[WARNING] 00:51:43:602 Kernel/(12394:12395): tiempo_real_ejecucion: 2.000000
[WARNING] 00:51:43:603 Kernel/(12394:12395): estimado_prox_rafaga (cuenta): 1.500500
[WARNING] 00:51:43:603 Kernel/(12394:12395): estimado_prox_rafaga: 1.500500
[WARNING] 00:51:45:609 Kernel/(12394:12395): tiempo_real_ejecucion: 2.000000
[WARNING] 00:51:45:609 Kernel/(12394:12395): estimado_prox_rafaga (cuenta): 1.500500
[WARNING] 00:51:45:610 Kernel/(12394:12395): estimado_prox_rafaga: 1.500500
[WARNING] 00:51:49:625 Kernel/(12394:12395): tiempo_real_ejecucion: 2.000000
[WARNING] 00:51:49:625 Kernel/(12394:12395): estimado_prox_rafaga (cuenta): 1.750250
[WARNING] 00:51:49:625 Kernel/(12394:12395): estimado_prox_rafaga: 1.750250
[WARNING] 00:51:51:629 Kernel/(12394:12395): tiempo_real_ejecucion: 2.000000
[WARNING] 00:51:51:630 Kernel/(12394:12395): estimado_prox_rafaga (cuenta): 1.750250
[WARNING] 00:51:51:630 Kernel/(12394:12395): estimado_prox_rafaga: 1.750250
[WARNING] 00:51:53:635 Kernel/(12394:12395): tiempo_real_ejecucion: 2.000000
[WARNING] 00:51:53:635 Kernel/(12394:12395): estimado_prox_rafaga (cuenta): 1.875125
[WARNING] 00:51:53:636 Kernel/(12394:12395): estimado_prox_rafaga: 1.875125
[WARNING] 00:51:55:640 Kernel/(12394:12395): tiempo_real_ejecucion: 2.000000
[WARNING] 00:51:55:640 Kernel/(12394:12395): estimado_prox_rafaga (cuenta): 1.875125
[WARNING] 00:51:55:640 Kernel/(12394:12395): estimado_prox_rafaga: 1.875125
[WARNING] 00:51:57:643 Kernel/(12394:12395): tiempo_real_ejecucion: 2.000000
[WARNING] 00:51:57:644 Kernel/(12394:12395): estimado_prox_rafaga (cuenta): 1.937562
[WARNING] 00:51:57:644 Kernel/(12394:12395): estimado_prox_rafaga: 1.937562
[WARNING] 00:51:59:647 Kernel/(12394:12395): tiempo_real_ejecucion: 2.000000
[WARNING] 00:51:59:648 Kernel/(12394:12395): estimado_prox_rafaga (cuenta): 1.937562
[WARNING] 00:51:59:648 Kernel/(12394:12395): estimado_prox_rafaga: 1.937562
[WARNING] 00:52:01:653 Kernel/(12394:12395): tiempo_real_ejecucion: 2.000000
[WARNING] 00:52:01:653 Kernel/(12394:12395): estimado_prox_rafaga (cuenta): 1.968781
[WARNING] 00:52:01:654 Kernel/(12394:12395): estimado_prox_rafaga: 1.968781
[WARNING] 00:52:03:658 Kernel/(12394:12395): tiempo_real_ejecucion: 2.000000
[WARNING] 00:52:03:659 Kernel/(12394:12395): estimado_prox_rafaga (cuenta): 1.968781
[WARNING] 00:52:03:659 Kernel/(12394:12395): estimado_prox_rafaga: 1.968781
[WARNING] 00:52:05:664 Kernel/(12394:12395): tiempo_real_ejecucion: 2.000000
[WARNING] 00:52:05:664 Kernel/(12394:12395): estimado_prox_rafaga (cuenta): 1.984391
[WARNING] 00:52:05:664 Kernel/(12394:12395): estimado_prox_rafaga: 1.984391
[WARNING] 00:52:07:671 Kernel/(12394:12395): tiempo_real_ejecucion: 2.000000
[WARNING] 00:52:07:671 Kernel/(12394:12395): estimado_prox_rafaga (cuenta): 1.984391
[WARNING] 00:52:07:671 Kernel/(12394:12395): estimado_prox_rafaga: 1.984391
[WARNING] 00:52:08:674 Kernel/(12394:12395): tiempo_real_ejecucion: 1.000000
[WARNING] 00:52:08:675 Kernel/(12394:12395): estimado_prox_rafaga (cuenta): 1.492195
[WARNING] 00:52:08:675 Kernel/(12394:12395): estimado_prox_rafaga: 1.492195
[WARNING] 00:52:09:678 Kernel/(12394:12395): tiempo_real_ejecucion: 1.000000
[WARNING] 00:52:09:678 Kernel/(12394:12395): estimado_prox_rafaga (cuenta): 1.492195
[WARNING] 00:52:09:678 Kernel/(12394:12395): estimado_prox_rafaga: 1.492195
[WARNING] 12:18:12:949 Kernel/(3114:3114): Kernel listo para recibir a Consolas
[WARNING] 12:18:15:144 Kernel/(3114:3119): Se conecto una consola
[WARNING] 12:19:03:359 Kernel/(3126:3126): Kernel listo para recibir a Consolas
[WARNING] 12:19:05:098 Kernel/(3126:3131): Se conecto una consola
[WARNING] 12:19:14:525 Kernel/(3135:3135): Kernel listo para recibir a Consolas
[WARNING] 12:19:31:932 Kernel/(3135:3141): Se conecto una consola
[WARNING] 12:19:41:472 Kernel/(3146:3146): Kernel listo para recibir a Consolas
[WARNING] 12:19:43:034 Kernel/(3146:3151): Se conecto una consola
[WARNING] 12:19:51:553 Kernel/(3156:3156): Kernel listo para recibir a Consolas
[WARNING] 12:20:46:098 Kernel/(3156:3164): Se conecto una consola
[WARNING] 12:21:43:078 Kernel/(3168:3168): Kernel listo para recibir a Consolas
[WARNING] 12:21:49:675 Kernel/(3168:3173): Se conecto una consola
[WARNING] 12:21:56:058 Kernel/(3177:3177): Kernel listo para recibir a Consolas
[WARNING] 12:22:07:330 Kernel/(3177:3182): Se conecto una consola
[WARNING] 12:22:10:146 Kernel/(3177:3184): Se conecto una consola
[WARNING] 12:23:05:940 Kernel/(3177:3186): Se conecto una consola
[WARNING] 12:23:11:581 Kernel/(3190:3190): Kernel listo para recibir a Consolas
[WARNING] 12:23:42:744 Kernel/(3190:3195): Se conecto una consola
[WARNING] 12:23:43:470 Kernel/(3190:3198): Se conecto una consola
[WARNING] 12:23:44:196 Kernel/(3190:3201): Se conecto una consola
[WARNING] 12:24:32:452 Kernel/(3190:3205): Se conecto una consola
[WARNING] 12:25:08:812 Kernel/(3209:3209): Kernel listo para recibir a Consolas
[WARNING] 12:25:20:309 Kernel/(3209:3214): Se conecto una consola
[WARNING] 12:25:20:979 Kernel/(3209:3216): Se conecto una consola
[WARNING] 12:25:51:880 Kernel/(3220:3220): Kernel listo para recibir a Consolas
[WARNING] 12:26:05:309 Kernel/(3227:3227): Kernel listo para recibir a Consolas
[WARNING] 12:26:08:171 Kernel/(3227:3232): Se conecto una consola
[WARNING] 12:26:12:919 Kernel/(3227:3235): Se conecto una consola
[WARNING] 12:26:15:925 Kernel/(3227:3238): Se conecto una consola
[WARNING] 12:30:02:691 Kernel/(3320:3320): Kernel listo para recibir a Consolas
[WARNING] 12:30:04:839 Kernel/(3320:3325): Se conecto una consola
[WARNING] 12:30:05:520 Kernel/(3320:3328): Se conecto una consola
[WARNING] 12:30:06:237 Kernel/(3320:3331): Se conecto una consola
[WARNING] 17:55:49:827 Kernel/(3173:3173): Kernel listo para recibir a Consolas
[WARNING] 18:00:06:494 Kernel/(3300:3300): Kernel listo para recibir a Consolas
[WARNING] 18:01:23:566 Kernel/(3361:3361): Kernel listo para recibir a Consolas
[WARNING] 18:02:43:375 Kernel/(3448:3448): Kernel listo para recibir a Consolas
[WARNING] 18:06:40:325 Kernel/(3602:3602): Kernel listo para recibir a Consolas
[WARNING] 18:07:07:784 Kernel/(3617:3617): Kernel listo para recibir a Consolas
[WARNING] 18:08:19:583 Kernel/(3631:3631): Kernel listo para recibir a Consolas
[WARNING] 18:13:43:068 Kernel/(3723:3723): Kernel listo para recibir a Consolas
[WARNING] 18:16:45:799 Kernel/(3788:3788): Kernel listo para recibir a Consolas
[WARNING] 18:19:20:430 Kernel/(3921:3921): Kernel listo para recibir a Consolas
[WARNING] 18:26:00:131 Kernel/(4001:4001): Kernel listo para recibir a Consolas
[WARNING] 18:28:21:570 Kernel/(4089:4089): Kernel listo para recibir a Consolas
[WARNING] 18:31:09:676 Kernel/(4089:4915): Se conecto una consola
[WARNING] 18:31:09:682 Kernel/(4089:4092): Se abrio un archivo que ya existia en el File System
[WARNING] 18:34:01:864 Kernel/(4988:4988): Kernel listo para recibir a Consolas
[WARNING] 18:34:05:652 Kernel/(4988:4995): Se conecto una consola
[WARNING] 18:34:05:657 Kernel/(4988:4990): Se abrio un archivo que ya existia en el File System
[WARNING] 18:34:20:825 Kernel/(4988:4998): Se conecto una consola
[WARNING] 18:36:48:886 Kernel/(5034:5034): Kernel listo para recibir a Consolas
[WARNING] 18:36:53:604 Kernel/(5034:5041): Se conecto una consola
[WARNING] 18:36:53:606 Kernel/(5034:5036): Se abrio un archivo que ya existia en el File System
[WARNING] 18:37:07:798 Kernel/(5034:5046): Se conecto una consola
[WARNING] 18:38:25:076 Kernel/(5102:5102): Kernel listo para recibir a Consolas
[WARNING] 18:38:27:174 Kernel/(5102:5109): Se conecto una consola
[WARNING] 18:38:27:179 Kernel/(5102:5104): Se abrio un archivo que ya existia en el File System
[WARNING] 18:38:37:095 Kernel/(5102:5113): Se conecto una consola
[WARNING] 18:40:22:378 Kernel/(5147:5147): Kernel listo para recibir a Consolas
[WARNING] 18:40:24:599 Kernel/(5147:5154): Se conecto una consola
[WARNING] 18:40:24:600 Kernel/(5147:5149): Se abrio un archivo que ya existia en el File System
[WARNING] 18:40:45:009 Kernel/(5147:5157): Se conecto una consola
[WARNING] 18:43:30:919 Kernel/(5297:5297): Kernel listo para recibir a Consolas
[WARNING] 18:43:32:186 Kernel/(5297:5304): Se conecto una consola
[WARNING] 18:43:32:190 Kernel/(5297:5300): Se abrio un archivo que ya existia en el File System
[WARNING] 18:45:11:795 Kernel/(5369:5369): Kernel listo para recibir a Consolas
[WARNING] 18:45:13:078 Kernel/(5369:5376): Se conecto una consola
[WARNING] 18:45:13:082 Kernel/(5369:5372): Se abrio un archivo que ya existia en el File System
[WARNING] 18:45:22:629 Kernel/(5369:5380): Se conecto una consola
[WARNING] 18:46:20:745 Kernel/(5429:5429): Kernel listo para recibir a Consolas
[WARNING] 18:46:22:363 Kernel/(5429:5436): Se conecto una consola
[WARNING] 18:46:22:368 Kernel/(5429:5432): Se abrio un archivo que ya existia en el File System
[WARNING] 18:46:31:428 Kernel/(5429:5440): Se conecto una consola
[WARNING] 18:57:04:759 Kernel/(5887:5887): Kernel listo para recibir a Consolas
[WARNING] 18:57:06:892 Kernel/(5887:5894): Se conecto una consola
[WARNING] 18:57:06:900 Kernel/(5887:5889): Se abrio un archivo que ya existia en el File System
[WARNING] 18:57:16:185 Kernel/(5887:5897): Se conecto una consola
[WARNING] 18:59:40:166 Kernel/(5942:5942): Kernel listo para recibir a Consolas
[WARNING] 18:59:42:792 Kernel/(5942:5950): Se conecto una consola
[WARNING] 18:59:42:870 Kernel/(5942:5946): Se abrio un archivo que ya existia en el File System
[WARNING] 18:59:51:443 Kernel/(5942:5953): Se conecto una consola
[WARNING] 19:03:57:154 Kernel/(6050:6050): Kernel listo para recibir a Consolas
[WARNING] 19:04:01:049 Kernel/(6050:6057): Se conecto una consola
[WARNING] 19:04:01:193 Kernel/(6050:6053): Se abrio un archivo que ya existia en el File System
[WARNING] 19:04:09:161 Kernel/(6050:6060): Se conecto una consola
[WARNING] 19:06:10:077 Kernel/(6121:6121): Kernel listo para recibir a Consolas
[WARNING] 19:06:13:419 Kernel/(6121:6128): Se conecto una consola
[WARNING] 19:06:13:524 Kernel/(6121:6124): Se abrio un archivo que ya existia en el File System
[WARNING] 19:06:23:099 Kernel/(6121:6131): Se conecto una consola
[WARNING] 19:06:23:111 Kernel/(6121:6124): Se abrio un archivo que ya existia en el File System
[WARNING] 19:06:41:734 Kernel/(6121:6134): Se conecto una consola
[WARNING] 19:06:41:753 Kernel/(6121:6124): Se abrio un archivo que ya existia en el File System
[WARNING] 19:06:42:315 Kernel/(6121:6137): Se conecto una consola
[WARNING] 19:09:38:215 Kernel/(6371:6371): Kernel listo para recibir a Consolas
[WARNING] 19:09:43:303 Kernel/(6371:6379): Se conecto una consola
[WARNING] 19:09:43:312 Kernel/(6371:6373): Se abrio el archivo
[WARNING] 19:12:01:966 Kernel/(6596:6596): Kernel listo para recibir a Consolas
[WARNING] 19:12:07:044 Kernel/(6596:6603): Se conecto una consola
[WARNING] 19:12:07:049 Kernel/(6596:6599): Se abrio un archivo que ya existia en el File System
[WARNING] 19:12:07:673 Kernel/(6596:6606): Se conecto una consola
[WARNING] 19:14:30:640 Kernel/(6634:6634): Kernel listo para recibir a Consolas
[WARNING] 19:14:35:761 Kernel/(6634:6641): Se conecto una consola
[WARNING] 19:14:35:765 Kernel/(6634:6636): Se abrio un archivo que ya existia en el File System
