[WARNING] 21:19:55:913 FS/(3030:3030): Bitmap abierto
[WARNING] 21:20:17:184 FS/(3050:3050): Bitmap abierto
[WARNING] 21:20:29:508 FS/(3060:3060): Bitmap abierto
[WARNING] 21:56:04:431 FS/(4628:4628): Bitmap abierto
[WARNING] 22:01:43:982 FS/(4775:4775): Bitmap abierto
[WARNING] 22:12:26:924 FS/(5055:5055): Bitmap abierto
[WARNING] 22:14:29:491 FS/(5113:5113): Bitmap abierto
[INFO] 22:16:42:342 FS/(5113:5113): Abrir Archivo: PEPITO
[INFO] 22:16:45:444 FS/(5113:5113): Truncar Archivo: PEPITO - Tamanio: 64
[INFO] 22:16:47:482 FS/(5113:5113): Escribir Archivo: PEPITO - Puntero: 0 - Memoria: 4 - Tamanio: 4
[INFO] 22:16:48:495 FS/(5113:5113): Acceso Bloque - Archivo: PEPITO - Bloque Archivo: 0 - Bloque File System: 5
[INFO] 22:16:49:510 FS/(5113:5113): Leer Archivo: PEPITO - Puntero: 0 - Memoria: 10 - Tamanio: 4
[WARNING] 22:21:31:899 FS/(5242:5242): Bitmap abierto
[INFO] 22:23:09:847 FS/(5242:5242): Abrir Archivo: EDUARDO
[WARNING] 22:23:29:491 FS/(5274:5274): Bitmap abierto
[INFO] 22:23:34:068 FS/(5274:5274): Abrir Archivo: EDUARDO
[WARNING] 22:25:22:158 FS/(5299:5299): Bitmap abierto
[INFO] 22:25:28:446 FS/(5299:5299): Abrir Archivo: PEPITO
[INFO] 22:25:31:509 FS/(5299:5299): Truncar Archivo: PEPITO - Tamanio: 64
[INFO] 22:25:33:550 FS/(5299:5299): Escribir Archivo: PEPITO - Puntero: 0 - Memoria: 4 - Tamanio: 4
[INFO] 22:25:34:571 FS/(5299:5299): Acceso Bloque - Archivo: PEPITO - Bloque Archivo: 0 - Bloque File System: 5
[INFO] 22:25:35:586 FS/(5299:5299): Leer Archivo: PEPITO - Puntero: 0 - Memoria: 10 - Tamanio: 4
[WARNING] 22:34:14:989 FS/(5423:5423): Bitmap abierto
[INFO] 22:34:18:903 FS/(5423:5423): Abrir Archivo: PEPITO
[INFO] 22:34:21:978 FS/(5423:5423): Truncar Archivo: PEPITO - Tamanio: 64
[INFO] 22:34:24:028 FS/(5423:5423): Escribir Archivo: PEPITO - Puntero: 0 - Memoria: 4 - Tamanio: 4
[INFO] 22:34:25:064 FS/(5423:5423): Acceso Bloque - Archivo: PEPITO - Bloque Archivo: 0 - Bloque File System: 5
[INFO] 22:34:26:080 FS/(5423:5423): Leer Archivo: PEPITO - Puntero: 0 - Memoria: 10 - Tamanio: 4
[INFO] 22:35:45:025 FS/(5423:5423): Abrir Archivo: EDUARDO
[WARNING] 22:39:10:175 FS/(5520:5520): Bitmap abierto
[INFO] 22:39:14:960 FS/(5520:5520): Abrir Archivo: PEPITO
[WARNING] 23:15:49:808 FS/(5868:5868): Bitmap abierto
[INFO] 23:15:52:278 FS/(5868:5868): Abrir Archivo: PEPITO
[INFO] 23:15:52:293 FS/(5868:5868): Abrir Archivo: ARCHIVO_PRUEBA2
[WARNING] 23:16:48:935 FS/(5895:5895): Bitmap abierto
[INFO] 23:16:51:171 FS/(5895:5895): Abrir Archivo: PEPITO
[WARNING] 23:17:02:793 FS/(5921:5921): Bitmap abierto
[INFO] 23:17:05:533 FS/(5921:5921): Abrir Archivo: PEPITO
[WARNING] 23:19:29:264 FS/(5989:5989): Bitmap abierto
[INFO] 23:19:31:218 FS/(5989:5989): Abrir Archivo: PEPITO
[WARNING] 23:23:43:055 FS/(6069:6069): Bitmap abierto
[INFO] 23:23:46:702 FS/(6069:6069): Abrir Archivo: PEPITO
[WARNING] 23:30:03:149 FS/(6202:6202): Bitmap abierto
[INFO] 23:30:06:422 FS/(6202:6202): Abrir Archivo: PEPITO
[WARNING] 23:34:02:997 FS/(6347:6347): Bitmap abierto
[INFO] 23:34:05:595 FS/(6347:6347): Abrir Archivo: PEPITO
[WARNING] 23:59:19:394 FS/(6438:6438): Bitmap abierto
[INFO] 23:59:21:483 FS/(6438:6438): Abrir Archivo: PEPITO
[INFO] 23:59:32:016 FS/(6438:6438): Abrir Archivo: PEPITO
[WARNING] 00:00:31:025 FS/(6594:6594): Bitmap abierto
[INFO] 00:00:34:549 FS/(6594:6594): Abrir Archivo: PEPITO
[WARNING] 16:54:51:754 FS/(33420:33420): Bitmap abierto
[INFO] 16:54:53:238 FS/(33420:33420): Abrir Archivo: PEPITO
[WARNING] 16:55:33:765 FS/(33903:33903): Bitmap abierto
[INFO] 16:55:36:891 FS/(33903:33903): Abrir Archivo: PEPITO
[WARNING] 16:56:12:285 FS/(33958:33958): Bitmap abierto
[INFO] 16:56:15:933 FS/(33958:33958): Abrir Archivo: PEPITO
[WARNING] 17:05:50:568 FS/(34252:34252): Bitmap abierto
[INFO] 17:05:54:070 FS/(34252:34252): Abrir Archivo: PEPITO
[INFO] 17:06:06:065 FS/(34252:34252): Abrir Archivo: PEPITO
[INFO] 17:06:20:038 FS/(34252:34252): Abrir Archivo: PEPITO
[WARNING] 17:08:37:196 FS/(34317:34317): Bitmap abierto
[INFO] 17:08:38:983 FS/(34317:34317): Abrir Archivo: PEPITO
[INFO] 17:08:38:988 FS/(34317:34317): Abrir Archivo: ARCHIVO_PRUEBA2
[WARNING] 17:11:35:032 FS/(34342:34342): Bitmap abierto
[INFO] 17:11:39:641 FS/(34342:34342): Abrir Archivo: archivo_inexistente
[WARNING] 17:12:20:753 FS/(34364:34364): Bitmap abierto
[INFO] 17:12:23:656 FS/(34364:34364): Abrir Archivo: archivo_inexistente
[WARNING] 17:12:29:102 FS/(34384:34384): Bitmap abierto
[INFO] 17:17:49:628 FS/(34384:34384): Abrir Archivo: PEPITO
[WARNING] 17:18:10:275 FS/(34484:34484): Bitmap abierto
[INFO] 17:18:12:955 FS/(34484:34484): Abrir Archivo: PEPITO
[WARNING] 17:20:16:979 FS/(34505:34505): Bitmap abierto
[INFO] 17:20:25:497 FS/(34505:34505): Abrir Archivo: PEPITO
[WARNING] 17:28:01:833 FS/(34638:34638): Bitmap abierto
[INFO] 17:28:06:849 FS/(34638:34638): Abrir Archivo: PEPITO
[WARNING] 18:12:11:995 FS/(34854:34854): Bitmap abierto
[INFO] 18:12:21:469 FS/(34854:34854): Abrir Archivo: PEPITO
[WARNING] 18:13:17:760 FS/(34900:34900): Bitmap abierto
[INFO] 18:13:19:833 FS/(34900:34900): Abrir Archivo: PEPITO
[WARNING] 18:13:32:713 FS/(34920:34920): Bitmap abierto
[INFO] 18:13:33:990 FS/(34920:34920): Abrir Archivo: PEPITO
[WARNING] 18:13:40:059 FS/(34940:34940): Bitmap abierto
[INFO] 18:13:42:414 FS/(34940:34940): Abrir Archivo: PEPITO
[WARNING] 18:14:54:200 FS/(35012:35012): Bitmap abierto
[INFO] 18:14:57:472 FS/(35012:35012): Abrir Archivo: PEPITO
[WARNING] 18:15:10:233 FS/(35032:35032): Bitmap abierto
[INFO] 18:15:13:771 FS/(35032:35032): Abrir Archivo: PEPITO
[WARNING] 18:15:35:604 FS/(35052:35052): Bitmap abierto
[INFO] 18:15:37:620 FS/(35052:35052): Abrir Archivo: PEPITO
[WARNING] 18:15:54:064 FS/(35072:35072): Bitmap abierto
[INFO] 18:16:00:146 FS/(35072:35072): Abrir Archivo: PEPITO
[INFO] 18:16:49:810 FS/(35352:35352): Abrir Archivo: PEPITO
[INFO] 18:18:46:909 FS/(35379:35379): Abrir Archivo: ARCHIVO_INEXISTENTE
[INFO] 18:39:04:598 FS/(35645:35645): Abrir Archivo: ARCHIVO_INEXISTENTE
[INFO] 18:39:04:616 FS/(35645:35645): Crear Archivo: ARCHIVO_INEXISTENTE
[INFO] 18:40:13:058 FS/(35665:35665): Abrir Archivo: ARCHIVO_INEXISTENTE
[INFO] 18:42:09:078 FS/(35687:35687): Abrir Archivo: ARCHIVO_INEXISTENTE
[INFO] 18:46:08:477 FS/(35712:35712): Abrir Archivo: ARCHIVO_INEXISTENTE
[INFO] 18:46:59:489 FS/(35712:35712): Abrir Archivo: PEPITO
[INFO] 18:50:43:902 FS/(35712:35712): Abrir Archivo: OTRO
[INFO] 18:50:43:933 FS/(35712:35712): Crear Archivo: OTRO
[INFO] 19:35:14:935 FS/(36971:36971): Abrir Archivo: OTRO
[INFO] 20:06:51:177 FS/(37559:37559): Abrir Archivo: OTRO
[INFO] 20:07:20:372 FS/(38109:38109): Abrir Archivo: OTRO
[INFO] 20:10:46:851 FS/(38274:38274): Abrir Archivo: OTRO
[INFO] 20:12:03:962 FS/(38274:38274): Abrir Archivo: OTRO
[INFO] 20:19:27:198 FS/(38274:38274): Abrir Archivo: OTRO
[INFO] 20:20:09:777 FS/(38836:38836): Abrir Archivo: OTRO
[INFO] 04:49:52:134 FS/(12217:12217): Abrir Archivo: Consoles
[INFO] 04:49:52:211 FS/(12217:12217): Truncar Archivo: Consoles - Tamanio: 256
[INFO] 04:52:28:482 FS/(12316:12316): Abrir Archivo: Consoles
[INFO] 04:52:28:585 FS/(12316:12316): Truncar Archivo: Consoles - Tamanio: 256
[ERROR] 04:52:29:198 FS/(12316:12316): No se leyo bien
[INFO] 04:55:24:416 FS/(12412:12412): Abrir Archivo: Consoles
[INFO] 04:55:24:470 FS/(12412:12412): Truncar Archivo: Consoles - Tamanio: 256
[ERROR] 04:55:24:719 FS/(12412:12412): No se leyo bien -1
