[WARNING] 21:19:55:913 FS/(3030:3030): SuperBloque leido
[WARNING] 21:19:55:913 FS/(3030:3030): Bloques abierto
[WARNING] 21:19:55:915 FS/(3030:3030): File System listo para recibir al Kernel
[WARNING] 21:20:01:750 FS/(3030:3030): Kernel se conecto a File System
[WARNING] 21:20:17:184 FS/(3050:3050): SuperBloque leido
[WARNING] 21:20:17:184 FS/(3050:3050): Bloques abierto
[WARNING] 21:20:17:186 FS/(3050:3050): File System listo para recibir al Kernel
[WARNING] 21:20:29:473 FS/(3060:3060): SuperBloque leido
[WARNING] 21:20:29:510 FS/(3060:3060): Bloques abierto
[WARNING] 21:20:29:567 FS/(3060:3060): File System listo para recibir al Kernel
[WARNING] 21:20:31:744 FS/(3060:3060): Kernel se conecto a File System
[WARNING] 21:56:04:398 FS/(4628:4628): SuperBloque leido
[WARNING] 21:56:04:433 FS/(4628:4628): Bloques abierto
[WARNING] 21:56:04:500 FS/(4628:4628): File System listo para recibir al Kernel
[WARNING] 21:56:05:137 FS/(4628:4628): Kernel se conecto a File System
[WARNING] 22:01:43:949 FS/(4775:4775): SuperBloque leido
[WARNING] 22:01:43:983 FS/(4775:4775): Bloques abierto
[WARNING] 22:01:44:057 FS/(4775:4775): File System listo para recibir al Kernel
[WARNING] 22:01:45:801 FS/(4775:4775): Kernel se conecto a File System
[WARNING] 22:12:26:644 FS/(5055:5055): SuperBloque leido
[WARNING] 22:12:26:974 FS/(5055:5055): Bloques abierto
[WARNING] 22:12:27:086 FS/(5055:5055): File System listo para recibir al Kernel
[WARNING] 22:12:27:151 FS/(5055:5055): Kernel se conecto a File System
[WARNING] 22:14:29:461 FS/(5113:5113): SuperBloque leido
[WARNING] 22:14:29:493 FS/(5113:5113): Bloques abierto
[WARNING] 22:14:29:547 FS/(5113:5113): File System listo para recibir al Kernel
[WARNING] 22:14:30:340 FS/(5113:5113): Kernel se conecto a File System
[WARNING] 22:21:31:862 FS/(5242:5242): SuperBloque leido
[WARNING] 22:21:31:901 FS/(5242:5242): Bloques abierto
[WARNING] 22:21:31:960 FS/(5242:5242): File System listo para recibir al Kernel
[WARNING] 22:21:32:749 FS/(5242:5242): Kernel se conecto a File System
[WARNING] 22:23:29:461 FS/(5274:5274): SuperBloque leido
[WARNING] 22:23:29:494 FS/(5274:5274): Bloques abierto
[WARNING] 22:23:29:564 FS/(5274:5274): File System listo para recibir al Kernel
[WARNING] 22:23:31:372 FS/(5274:5274): Kernel se conecto a File System
[WARNING] 22:25:22:122 FS/(5299:5299): SuperBloque leido
[WARNING] 22:25:22:159 FS/(5299:5299): Bloques abierto
[WARNING] 22:25:22:217 FS/(5299:5299): File System listo para recibir al Kernel
[WARNING] 22:25:23:669 FS/(5299:5299): Kernel se conecto a File System
[WARNING] 22:34:14:938 FS/(5423:5423): SuperBloque leido
[WARNING] 22:34:14:993 FS/(5423:5423): Bloques abierto
[WARNING] 22:34:15:068 FS/(5423:5423): File System listo para recibir al Kernel
[WARNING] 22:34:15:826 FS/(5423:5423): Kernel se conecto a File System
[WARNING] 22:39:10:144 FS/(5520:5520): SuperBloque leido
[WARNING] 22:39:10:177 FS/(5520:5520): Bloques abierto
[WARNING] 22:39:10:255 FS/(5520:5520): File System listo para recibir al Kernel
[WARNING] 22:39:10:882 FS/(5520:5520): Kernel se conecto a File System
[WARNING] 23:15:49:773 FS/(5868:5868): SuperBloque leido
[WARNING] 23:15:49:811 FS/(5868:5868): Bloques abierto
[WARNING] 23:15:49:911 FS/(5868:5868): File System listo para recibir al Kernel
[WARNING] 23:15:50:592 FS/(5868:5868): Kernel se conecto a File System
[WARNING] 23:16:48:905 FS/(5895:5895): SuperBloque leido
[WARNING] 23:16:48:937 FS/(5895:5895): Bloques abierto
[WARNING] 23:16:49:011 FS/(5895:5895): File System listo para recibir al Kernel
[WARNING] 23:16:49:564 FS/(5895:5895): Kernel se conecto a File System
[WARNING] 23:17:02:763 FS/(5921:5921): SuperBloque leido
[WARNING] 23:17:02:795 FS/(5921:5921): Bloques abierto
[WARNING] 23:17:02:840 FS/(5921:5921): File System listo para recibir al Kernel
[WARNING] 23:17:03:420 FS/(5921:5921): Kernel se conecto a File System
[WARNING] 23:19:29:169 FS/(5989:5989): SuperBloque leido
[WARNING] 23:19:29:268 FS/(5989:5989): Bloques abierto
[WARNING] 23:19:29:365 FS/(5989:5989): File System listo para recibir al Kernel
[WARNING] 23:19:29:841 FS/(5989:5989): Kernel se conecto a File System
[WARNING] 23:23:43:023 FS/(6069:6069): SuperBloque leido
[WARNING] 23:23:43:056 FS/(6069:6069): Bloques abierto
[WARNING] 23:23:43:104 FS/(6069:6069): File System listo para recibir al Kernel
[WARNING] 23:23:43:689 FS/(6069:6069): Kernel se conecto a File System
[WARNING] 23:30:03:117 FS/(6202:6202): SuperBloque leido
[WARNING] 23:30:03:151 FS/(6202:6202): Bloques abierto
[WARNING] 23:30:03:237 FS/(6202:6202): File System listo para recibir al Kernel
[WARNING] 23:30:03:823 FS/(6202:6202): Kernel se conecto a File System
[WARNING] 23:34:02:967 FS/(6347:6347): SuperBloque leido
[WARNING] 23:34:03:000 FS/(6347:6347): Bloques abierto
[WARNING] 23:34:03:066 FS/(6347:6347): File System listo para recibir al Kernel
[WARNING] 23:34:03:995 FS/(6347:6347): Kernel se conecto a File System
[WARNING] 23:59:19:365 FS/(6438:6438): SuperBloque leido
[WARNING] 23:59:19:397 FS/(6438:6438): Bloques abierto
[WARNING] 23:59:19:447 FS/(6438:6438): File System listo para recibir al Kernel
[WARNING] 23:59:20:311 FS/(6438:6438): Kernel se conecto a File System
[WARNING] 00:00:30:994 FS/(6594:6594): SuperBloque leido
[WARNING] 00:00:31:028 FS/(6594:6594): Bloques abierto
[WARNING] 00:00:31:074 FS/(6594:6594): File System listo para recibir al Kernel
[WARNING] 00:00:31:927 FS/(6594:6594): Kernel se conecto a File System
[WARNING] 16:54:51:626 FS/(33420:33420): SuperBloque leido
[WARNING] 16:54:51:758 FS/(33420:33420): Bloques abierto
[WARNING] 16:54:51:918 FS/(33420:33420): File System listo para recibir al Kernel
[WARNING] 16:54:52:055 FS/(33420:33420): Kernel se conecto a File System
[WARNING] 16:55:33:729 FS/(33903:33903): SuperBloque leido
[WARNING] 16:55:33:767 FS/(33903:33903): Bloques abierto
[WARNING] 16:55:33:817 FS/(33903:33903): File System listo para recibir al Kernel
[WARNING] 16:55:34:864 FS/(33903:33903): Kernel se conecto a File System
[WARNING] 16:56:12:255 FS/(33958:33958): SuperBloque leido
[WARNING] 16:56:12:286 FS/(33958:33958): Bloques abierto
[WARNING] 16:56:12:331 FS/(33958:33958): File System listo para recibir al Kernel
[WARNING] 16:56:13:001 FS/(33958:33958): Kernel se conecto a File System
[WARNING] 17:05:50:526 FS/(34252:34252): SuperBloque leido
[WARNING] 17:05:50:570 FS/(34252:34252): Bloques abierto
[WARNING] 17:05:50:628 FS/(34252:34252): File System listo para recibir al Kernel
[WARNING] 17:05:51:385 FS/(34252:34252): Kernel se conecto a File System
[WARNING] 17:08:37:106 FS/(34317:34317): SuperBloque leido
[WARNING] 17:08:37:198 FS/(34317:34317): Bloques abierto
[WARNING] 17:08:37:306 FS/(34317:34317): File System listo para recibir al Kernel
[WARNING] 17:08:37:817 FS/(34317:34317): Kernel se conecto a File System
[WARNING] 17:11:35:001 FS/(34342:34342): SuperBloque leido
[WARNING] 17:11:35:033 FS/(34342:34342): Bloques abierto
[WARNING] 17:11:35:080 FS/(34342:34342): File System listo para recibir al Kernel
[WARNING] 17:11:35:762 FS/(34342:34342): Kernel se conecto a File System
[WARNING] 17:12:20:724 FS/(34364:34364): SuperBloque leido
[WARNING] 17:12:20:754 FS/(34364:34364): Bloques abierto
[WARNING] 17:12:20:801 FS/(34364:34364): File System listo para recibir al Kernel
[WARNING] 17:12:21:489 FS/(34364:34364): Kernel se conecto a File System
[WARNING] 17:12:29:071 FS/(34384:34384): SuperBloque leido
[WARNING] 17:12:29:103 FS/(34384:34384): Bloques abierto
[WARNING] 17:12:29:154 FS/(34384:34384): File System listo para recibir al Kernel
[WARNING] 17:12:29:726 FS/(34384:34384): Kernel se conecto a File System
[WARNING] 17:18:10:241 FS/(34484:34484): SuperBloque leido
[WARNING] 17:18:10:276 FS/(34484:34484): Bloques abierto
[WARNING] 17:18:10:336 FS/(34484:34484): File System listo para recibir al Kernel
[WARNING] 17:18:11:160 FS/(34484:34484): Kernel se conecto a File System
[WARNING] 17:20:16:949 FS/(34505:34505): SuperBloque leido
[WARNING] 17:20:16:981 FS/(34505:34505): Bloques abierto
[WARNING] 17:20:17:036 FS/(34505:34505): File System listo para recibir al Kernel
[WARNING] 17:20:18:686 FS/(34505:34505): Kernel se conecto a File System
[WARNING] 17:28:01:802 FS/(34638:34638): SuperBloque leido
[WARNING] 17:28:01:835 FS/(34638:34638): Bloques abierto
[WARNING] 17:28:01:894 FS/(34638:34638): File System listo para recibir al Kernel
[WARNING] 17:28:02:555 FS/(34638:34638): Kernel se conecto a File System
[WARNING] 18:12:11:960 FS/(34854:34854): SuperBloque leido
[WARNING] 18:12:11:998 FS/(34854:34854): Bloques abierto
[WARNING] 18:12:12:090 FS/(34854:34854): File System listo para recibir al Kernel
[WARNING] 18:12:12:820 FS/(34854:34854): Kernel se conecto a File System
[WARNING] 18:13:17:709 FS/(34900:34900): SuperBloque leido
[WARNING] 18:13:17:762 FS/(34900:34900): Bloques abierto
[WARNING] 18:13:17:910 FS/(34900:34900): File System listo para recibir al Kernel
[WARNING] 18:13:18:429 FS/(34900:34900): Kernel se conecto a File System
[WARNING] 18:13:32:683 FS/(34920:34920): SuperBloque leido
[WARNING] 18:13:32:714 FS/(34920:34920): Bloques abierto
[WARNING] 18:13:32:765 FS/(34920:34920): File System listo para recibir al Kernel
[WARNING] 18:13:33:354 FS/(34920:34920): Kernel se conecto a File System
[WARNING] 18:13:40:029 FS/(34940:34940): SuperBloque leido
[WARNING] 18:13:40:061 FS/(34940:34940): Bloques abierto
[WARNING] 18:13:40:103 FS/(34940:34940): File System listo para recibir al Kernel
[WARNING] 18:13:41:610 FS/(34940:34940): Kernel se conecto a File System
[WARNING] 18:14:54:163 FS/(35012:35012): SuperBloque leido
[WARNING] 18:14:54:202 FS/(35012:35012): Bloques abierto
[WARNING] 18:14:54:352 FS/(35012:35012): File System listo para recibir al Kernel
[WARNING] 18:14:54:853 FS/(35012:35012): Kernel se conecto a File System
[WARNING] 18:15:10:199 FS/(35032:35032): SuperBloque leido
[WARNING] 18:15:10:235 FS/(35032:35032): Bloques abierto
[WARNING] 18:15:10:288 FS/(35032:35032): File System listo para recibir al Kernel
[WARNING] 18:15:10:896 FS/(35032:35032): Kernel se conecto a File System
[WARNING] 18:15:35:574 FS/(35052:35052): SuperBloque leido
[WARNING] 18:15:35:606 FS/(35052:35052): Bloques abierto
[WARNING] 18:15:35:650 FS/(35052:35052): File System listo para recibir al Kernel
[WARNING] 18:15:36:246 FS/(35052:35052): Kernel se conecto a File System
[WARNING] 18:15:54:033 FS/(35072:35072): SuperBloque leido
[WARNING] 18:15:54:065 FS/(35072:35072): Bloques abierto
[WARNING] 18:15:54:110 FS/(35072:35072): File System listo para recibir al Kernel
[WARNING] 18:15:58:206 FS/(35072:35072): Kernel se conecto a File System
[WARNING] 18:16:47:196 FS/(35352:35352): SuperBloque leido
[WARNING] 18:16:47:226 FS/(35352:35352): Bitmap abierto
[WARNING] 18:16:47:227 FS/(35352:35352): Bloques abierto
[WARNING] 18:16:47:279 FS/(35352:35352): File System listo para recibir al Kernel
[WARNING] 18:16:47:926 FS/(35352:35352): Kernel se conecto a File System
[WARNING] 18:18:43:557 FS/(35379:35379): SuperBloque leido
[WARNING] 18:18:43:587 FS/(35379:35379): Bitmap abierto
[WARNING] 18:18:43:589 FS/(35379:35379): Bloques abierto
[WARNING] 18:18:43:637 FS/(35379:35379): File System listo para recibir al Kernel
[WARNING] 18:18:44:354 FS/(35379:35379): Kernel se conecto a File System
[WARNING] 18:39:01:090 FS/(35645:35645): SuperBloque leido
[WARNING] 18:39:01:124 FS/(35645:35645): Bitmap abierto
[WARNING] 18:39:01:126 FS/(35645:35645): Bloques abierto
[WARNING] 18:39:01:189 FS/(35645:35645): File System listo para recibir al Kernel
[WARNING] 18:39:02:617 FS/(35645:35645): Kernel se conecto a File System
[WARNING] 18:40:10:373 FS/(35665:35665): SuperBloque leido
[WARNING] 18:40:10:411 FS/(35665:35665): Bitmap abierto
[WARNING] 18:40:10:412 FS/(35665:35665): Bloques abierto
[WARNING] 18:40:10:461 FS/(35665:35665): File System listo para recibir al Kernel
[WARNING] 18:40:11:106 FS/(35665:35665): Kernel se conecto a File System
[WARNING] 18:42:06:909 FS/(35687:35687): SuperBloque leido
[WARNING] 18:42:06:939 FS/(35687:35687): Bitmap abierto
[WARNING] 18:42:06:941 FS/(35687:35687): Bloques abierto
[WARNING] 18:42:06:986 FS/(35687:35687): File System listo para recibir al Kernel
[WARNING] 18:42:07:690 FS/(35687:35687): Kernel se conecto a File System
[WARNING] 18:46:04:179 FS/(35712:35712): SuperBloque leido
[WARNING] 18:46:04:235 FS/(35712:35712): Bitmap abierto
[WARNING] 18:46:04:237 FS/(35712:35712): Bloques abierto
[WARNING] 18:46:04:551 FS/(35712:35712): File System listo para recibir al Kernel
[WARNING] 18:46:05:341 FS/(35712:35712): Kernel se conecto a File System
[WARNING] 18:58:54:972 FS/(35921:35921): SuperBloque leido
[WARNING] 18:58:55:006 FS/(35921:35921): Bitmap abierto
[WARNING] 18:58:55:009 FS/(35921:35921): Bloques abierto
[WARNING] 18:58:55:086 FS/(35921:35921): File System listo para recibir al Kernel
[WARNING] 18:58:55:746 FS/(35921:35921): Kernel se conecto a File System
[WARNING] 19:10:18:773 FS/(36044:36044): SuperBloque leido
[WARNING] 19:10:18:866 FS/(36044:36044): Bitmap abierto
[WARNING] 19:10:18:870 FS/(36044:36044): Bloques abierto
[WARNING] 19:10:19:015 FS/(36044:36044): File System listo para recibir al Kernel
[WARNING] 19:10:19:545 FS/(36044:36044): Kernel se conecto a File System
[WARNING] 19:11:59:793 FS/(36063:36063): SuperBloque leido
[WARNING] 19:11:59:822 FS/(36063:36063): Bitmap abierto
[WARNING] 19:11:59:824 FS/(36063:36063): Bloques abierto
[WARNING] 19:11:59:873 FS/(36063:36063): File System listo para recibir al Kernel
[WARNING] 19:12:00:589 FS/(36063:36063): Kernel se conecto a File System
[WARNING] 19:34:36:453 FS/(36971:36971): SuperBloque leido
[WARNING] 19:34:36:488 FS/(36971:36971): Bitmap abierto
[WARNING] 19:34:36:490 FS/(36971:36971): Bloques abierto
[WARNING] 19:34:36:565 FS/(36971:36971): File System listo para recibir al Kernel
[WARNING] 19:34:37:274 FS/(36971:36971): Kernel se conecto a File System
[WARNING] 19:50:57:701 FS/(37559:37559): SuperBloque leido
[WARNING] 19:50:57:732 FS/(37559:37559): Bitmap abierto
[WARNING] 19:50:57:734 FS/(37559:37559): Bloques abierto
[WARNING] 19:50:57:806 FS/(37559:37559): File System listo para recibir al Kernel
[WARNING] 19:50:58:619 FS/(37559:37559): Kernel se conecto a File System
[WARNING] 20:07:18:174 FS/(38109:38109): SuperBloque leido
[WARNING] 20:07:18:206 FS/(38109:38109): Bitmap abierto
[WARNING] 20:07:18:208 FS/(38109:38109): Bloques abierto
[WARNING] 20:07:18:289 FS/(38109:38109): File System listo para recibir al Kernel
[WARNING] 20:07:18:973 FS/(38109:38109): Kernel se conecto a File System
[WARNING] 20:10:43:952 FS/(38274:38274): SuperBloque leido
[WARNING] 20:10:43:982 FS/(38274:38274): Bitmap abierto
[WARNING] 20:10:43:984 FS/(38274:38274): Bloques abierto
[WARNING] 20:10:44:132 FS/(38274:38274): File System listo para recibir al Kernel
[WARNING] 20:10:44:717 FS/(38274:38274): Kernel se conecto a File System
[WARNING] 20:20:01:717 FS/(38836:38836): SuperBloque leido
[WARNING] 20:20:01:762 FS/(38836:38836): Bitmap abierto
[WARNING] 20:20:01:765 FS/(38836:38836): Bloques abierto
[WARNING] 20:20:02:019 FS/(38836:38836): File System listo para recibir al Kernel
[WARNING] 20:20:02:496 FS/(38836:38836): Kernel se conecto a File System
[WARNING] 20:21:32:204 FS/(38866:38866): SuperBloque leido
[WARNING] 20:21:32:204 FS/(38866:38866): Bitmap abierto
[WARNING] 20:21:32:204 FS/(38866:38866): Bloques abierto
[WARNING] 20:21:32:223 FS/(38866:38866): File System listo para recibir al Kernel
[WARNING] 20:21:35:291 FS/(38866:38866): Kernel se conecto a File System
[WARNING] 16:00:10:127 FS/(3411:3411): SuperBloque leido
[WARNING] 16:00:10:127 FS/(3411:3411): Bitmap abierto
[WARNING] 16:00:10:128 FS/(3411:3411): Bloques abierto
[WARNING] 16:00:10:133 FS/(3411:3411): File System listo para recibir al Kernel
[WARNING] 16:00:40:325 FS/(3411:3411): Kernel se conecto a File System
