[WARNING] 21:05:28:671 Kernel/(2757:2757): Kernel listo para recibir a Consolas
[WARNING] 21:07:03:035 Kernel/(2757:2810): Se conecto una consola
[WARNING] 21:07:34:153 Kernel/(2757:2815): Se conecto una consola
[WARNING] 21:08:09:058 Kernel/(2757:2820): Se conecto una consola
[WARNING] 21:08:31:537 Kernel/(2757:2888): Se conecto una consola
[WARNING] 21:20:01:750 Kernel/(3035:3035): Kernel listo para recibir a Consolas
[WARNING] 21:20:05:370 Kernel/(3035:3043): Se conecto una consola
[WARNING] 21:20:31:881 Kernel/(3065:3065): Kernel listo para recibir a Consolas
[WARNING] 21:20:35:602 Kernel/(3065:3073): Se conecto una consola
[WARNING] 21:20:58:166 Kernel/(3065:3077): Se conecto una consola
[WARNING] 21:21:42:135 Kernel/(3065:3080): Se conecto una consola
[WARNING] 21:21:48:273 Kernel/(3065:3083): Se conecto una consola
[WARNING] 21:23:35:136 Kernel/(3065:3160): Se conecto una consola
[WARNING] 21:56:05:249 Kernel/(4633:4633): Kernel listo para recibir a Consolas
[WARNING] 21:56:12:854 Kernel/(4633:4641): Se conecto una consola
[WARNING] 22:01:45:939 Kernel/(4780:4780): Kernel listo para recibir a Consolas
[WARNING] 22:01:49:466 Kernel/(4780:4789): Se conecto una consola
[WARNING] 22:12:27:279 Kernel/(5058:5058): Kernel listo para recibir a Consolas
[WARNING] 22:12:33:453 Kernel/(5058:5069): Se conecto una consola
[WARNING] 22:14:30:489 Kernel/(5118:5118): Kernel listo para recibir a Consolas
[WARNING] 22:14:33:719 Kernel/(5118:5126): Se conecto una consola
[WARNING] 22:15:11:624 Kernel/(5118:5129): Se conecto una consola
[WARNING] 22:15:26:013 Kernel/(5118:5133): Se conecto una consola
[WARNING] 22:15:40:925 Kernel/(5118:5136): Se conecto una consola
[WARNING] 22:16:42:317 Kernel/(5118:5139): Se conecto una consola
[WARNING] 22:16:42:342 Kernel/(5118:5120): Se abrio un archivo que ya existia en el File System
[WARNING] 22:21:32:859 Kernel/(5247:5247): Kernel listo para recibir a Consolas
[WARNING] 22:23:09:612 Kernel/(5247:5267): Se conecto una consola
[WARNING] 22:23:31:507 Kernel/(5279:5279): Kernel listo para recibir a Consolas
[WARNING] 22:23:33:902 Kernel/(5279:5287): Se conecto una consola
[WARNING] 22:25:23:797 Kernel/(5304:5304): Kernel listo para recibir a Consolas
[WARNING] 22:25:28:347 Kernel/(5304:5312): Se conecto una consola
[WARNING] 22:25:28:440 Kernel/(5304:5307): Se abrio un archivo que ya existia en el File System
[WARNING] 22:34:15:993 Kernel/(5428:5428): Kernel listo para recibir a Consolas
[WARNING] 22:34:18:811 Kernel/(5428:5436): Se conecto una consola
[WARNING] 22:34:18:908 Kernel/(5428:5430): Se abrio un archivo que ya existia en el File System
[WARNING] 22:34:44:398 Kernel/(5428:5439): Se conecto una consola
[WARNING] 22:35:45:007 Kernel/(5428:5449): Se conecto una consola
[WARNING] 22:39:10:995 Kernel/(5525:5525): Kernel listo para recibir a Consolas
[WARNING] 22:39:14:867 Kernel/(5525:5533): Se conecto una consola
[WARNING] 22:39:14:957 Kernel/(5525:5528): Se abrio un archivo que ya existia en el File System
[WARNING] 23:15:50:720 Kernel/(5872:5872): Kernel listo para recibir a Consolas
[WARNING] 23:15:52:187 Kernel/(5872:5881): Se conecto una consola
[WARNING] 23:15:52:279 Kernel/(5872:5875): Se abrio un archivo que ya existia en el File System
[WARNING] 23:15:52:294 Kernel/(5872:5875): Se abrio un archivo que ya existia en el File System
[WARNING] 23:16:49:732 Kernel/(5900:5900): Kernel listo para recibir a Consolas
[WARNING] 23:16:51:080 Kernel/(5900:5908): Se conecto una consola
[WARNING] 23:16:51:172 Kernel/(5900:5903): Se abrio un archivo que ya existia en el File System
[WARNING] 23:17:03:550 Kernel/(5926:5926): Kernel listo para recibir a Consolas
[WARNING] 23:17:05:446 Kernel/(5926:5934): Se conecto una consola
[WARNING] 23:17:05:534 Kernel/(5926:5929): Se abrio un archivo que ya existia en el File System
[WARNING] 23:19:29:967 Kernel/(5991:5991): Kernel listo para recibir a Consolas
[WARNING] 23:19:31:114 Kernel/(5991:6002): Se conecto una consola
[WARNING] 23:19:31:213 Kernel/(5991:5997): Se abrio un archivo que ya existia en el File System
[WARNING] 23:23:43:815 Kernel/(6074:6074): Kernel listo para recibir a Consolas
[WARNING] 23:23:46:614 Kernel/(6074:6082): Se conecto una consola
[WARNING] 23:23:46:705 Kernel/(6074:6076): Se abrio un archivo que ya existia en el File System
[WARNING] 23:30:03:928 Kernel/(6206:6206): Kernel listo para recibir a Consolas
[WARNING] 23:30:06:330 Kernel/(6206:6215): Se conecto una consola
[WARNING] 23:30:06:424 Kernel/(6206:6210): Se abrio un archivo que ya existia en el File System
[WARNING] 23:30:09:447 Kernel/(6206:6210): nombre_recurso: PEPITO
[WARNING] 23:30:09:448 Kernel/(6206:6210): recurso->nombre: PEPITO
[WARNING] 23:34:04:113 Kernel/(6352:6352): Kernel listo para recibir a Consolas
[WARNING] 23:34:05:437 Kernel/(6352:6360): Se conecto una consola
[WARNING] 23:34:05:596 Kernel/(6352:6355): Se abrio un archivo que ya existia en el File System
[WARNING] 23:59:20:459 Kernel/(6443:6443): Kernel listo para recibir a Consolas
[WARNING] 23:59:21:392 Kernel/(6443:6451): Se conecto una consola
[WARNING] 23:59:21:482 Kernel/(6443:6446): Se abrio un archivo que ya existia en el File System
[WARNING] 23:59:32:009 Kernel/(6443:6455): Se conecto una consola
[WARNING] 23:59:32:018 Kernel/(6443:6446): Se abrio un archivo que ya existia en el File System
[WARNING] 00:00:32:033 Kernel/(6599:6599): Kernel listo para recibir a Consolas
[WARNING] 00:00:34:448 Kernel/(6599:6607): Se conecto una consola
[WARNING] 00:00:34:548 Kernel/(6599:6601): Se abrio un archivo que ya existia en el File System
[WARNING] 16:54:52:289 Kernel/(33436:33436): Kernel listo para recibir a Consolas
[WARNING] 16:54:53:071 Kernel/(33436:33523): Se conecto una consola
[WARNING] 16:54:53:250 Kernel/(33436:33488): Se abrio un archivo que ya existia en el File System
[WARNING] 16:54:56:271 Kernel/(33436:33488): nombre_archivo1: PEPITO
[WARNING] 16:54:56:277 Kernel/(33436:33488): nombre_archivo2: PEPITO
[WARNING] 16:55:34:972 Kernel/(33908:33908): Kernel listo para recibir a Consolas
[WARNING] 16:55:36:792 Kernel/(33908:33916): Se conecto una consola
[WARNING] 16:55:36:886 Kernel/(33908:33911): Se abrio un archivo que ya existia en el File System
[WARNING] 16:55:39:901 Kernel/(33908:33911): nombre_archivo: PEPITO
[WARNING] 16:56:13:113 Kernel/(33963:33963): Kernel listo para recibir a Consolas
[WARNING] 16:56:15:837 Kernel/(33963:33971): Se conecto una consola
[WARNING] 16:56:15:933 Kernel/(33963:33966): Se abrio un archivo que ya existia en el File System
[WARNING] 16:56:18:950 Kernel/(33963:33966): nombre_archivo: PEPITO
[WARNING] 17:05:51:491 Kernel/(34258:34258): Kernel listo para recibir a Consolas
[WARNING] 17:05:53:976 Kernel/(34258:34266): Se conecto una consola
[WARNING] 17:05:54:070 Kernel/(34258:34260): Se abrio un archivo que ya existia en el File System
[WARNING] 17:05:57:093 Kernel/(34258:34260): nombre_archivo: PEPITO
[WARNING] 17:06:06:060 Kernel/(34258:34271): Se conecto una consola
[WARNING] 17:06:06:066 Kernel/(34258:34260): Se abrio un archivo que ya existia en el File System
[WARNING] 17:06:09:102 Kernel/(34258:34260): nombre_archivo: PEPITO
[WARNING] 17:06:20:033 Kernel/(34258:34275): Se conecto una consola
[WARNING] 17:06:20:039 Kernel/(34258:34260): Se abrio un archivo que ya existia en el File System
[WARNING] 17:06:20:848 Kernel/(34258:34279): Se conecto una consola
[WARNING] 17:06:21:686 Kernel/(34258:34282): Se conecto una consola
[WARNING] 17:06:22:330 Kernel/(34258:34285): Se conecto una consola
[WARNING] 17:06:23:049 Kernel/(34258:34260): nombre_archivo: PEPITO
[WARNING] 17:06:26:062 Kernel/(34258:34260): nombre_archivo: PEPITO
[WARNING] 17:06:29:069 Kernel/(34258:34260): nombre_archivo: PEPITO
[WARNING] 17:06:32:077 Kernel/(34258:34260): nombre_archivo: PEPITO
[WARNING] 17:08:38:008 Kernel/(34319:34319): Kernel listo para recibir a Consolas
[WARNING] 17:08:38:886 Kernel/(34319:34330): Se conecto una consola
[WARNING] 17:08:38:977 Kernel/(34319:34324): Se abrio un archivo que ya existia en el File System
[WARNING] 17:08:38:989 Kernel/(34319:34324): Se abrio un archivo que ya existia en el File System
[WARNING] 17:08:41:999 Kernel/(34319:34324): nombre_archivo: PEPITO
[WARNING] 17:11:35:877 Kernel/(34347:34347): Kernel listo para recibir a Consolas
[WARNING] 17:11:39:508 Kernel/(34347:34355): Se conecto una consola
[WARNING] 17:12:21:625 Kernel/(34369:34369): Kernel listo para recibir a Consolas
[WARNING] 17:12:23:569 Kernel/(34369:34377): Se conecto una consola
[WARNING] 17:12:29:830 Kernel/(34389:34389): Kernel listo para recibir a Consolas
[WARNING] 17:12:34:091 Kernel/(34389:34397): Se conecto una consola
[WARNING] 17:13:27:533 Kernel/(34389:34402): Se conecto una consola
[WARNING] 17:14:01:172 Kernel/(34389:34407): Se conecto una consola
[WARNING] 17:14:14:969 Kernel/(34389:34410): Se conecto una consola
[WARNING] 17:17:49:417 Kernel/(34389:34476): Se conecto una consola
[WARNING] 17:17:49:624 Kernel/(34389:34391): Se abrio un archivo que ya existia en el File System
[WARNING] 17:17:53:155 Kernel/(34389:34391): nombre_archivo: PEPITO
[WARNING] 17:18:11:332 Kernel/(34489:34489): Kernel listo para recibir a Consolas
[WARNING] 17:18:12:731 Kernel/(34489:34497): Se conecto una consola
[WARNING] 17:18:12:951 Kernel/(34489:34492): Se abrio un archivo que ya existia en el File System
[WARNING] 17:18:15:975 Kernel/(34489:34492): nombre_archivo: PEPITO
[WARNING] 17:20:18:849 Kernel/(34510:34510): Kernel listo para recibir a Consolas
[WARNING] 17:20:25:414 Kernel/(34510:34518): Se conecto una consola
[WARNING] 17:20:25:498 Kernel/(34510:34512): Se abrio un archivo que ya existia en el File System
[WARNING] 17:20:28:515 Kernel/(34510:34512): nombre_archivo: PEPITO
[WARNING] 17:28:02:675 Kernel/(34643:34643): Kernel listo para recibir a Consolas
[WARNING] 17:28:06:698 Kernel/(34643:34651): Se conecto una consola
[WARNING] 17:28:06:862 Kernel/(34643:34645): Se abrio un archivo que ya existia en el File System
[WARNING] 17:28:06:897 Kernel/(34643:34645): nombre_archivo: PEPITO
[WARNING] 18:12:12:932 Kernel/(34858:34858): Kernel listo para recibir a Consolas
[WARNING] 18:12:21:380 Kernel/(34858:34868): Se conecto una consola
[WARNING] 18:12:21:465 Kernel/(34858:34862): Se abrio un archivo que ya existia en el File System
[WARNING] 18:12:21:471 Kernel/(34858:34862): nombre_archivo: PEPITO
[WARNING] 18:13:18:552 Kernel/(34902:34902): Kernel listo para recibir a Consolas
[WARNING] 18:13:19:721 Kernel/(34902:34913): Se conecto una consola
[WARNING] 18:13:19:839 Kernel/(34902:34907): Se abrio un archivo que ya existia en el File System
[WARNING] 18:13:19:847 Kernel/(34902:34907): nombre_archivo: PEPITO
[WARNING] 18:13:33:461 Kernel/(34925:34925): Kernel listo para recibir a Consolas
[WARNING] 18:13:33:906 Kernel/(34925:34933): Se conecto una consola
[WARNING] 18:13:33:989 Kernel/(34925:34928): Se abrio un archivo que ya existia en el File System
[WARNING] 18:13:33:995 Kernel/(34925:34928): nombre_archivo: PEPITO
[WARNING] 18:13:41:715 Kernel/(34945:34945): Kernel listo para recibir a Consolas
[WARNING] 18:13:42:323 Kernel/(34945:34953): Se conecto una consola
[WARNING] 18:13:42:415 Kernel/(34945:34948): Se abrio un archivo que ya existia en el File System
[WARNING] 18:13:42:430 Kernel/(34945:34948): nombre_archivo: PEPITO
[WARNING] 18:14:54:960 Kernel/(35016:35016): Kernel listo para recibir a Consolas
[WARNING] 18:14:57:383 Kernel/(35016:35025): Se conecto una consola
[WARNING] 18:14:57:475 Kernel/(35016:35019): Se abrio un archivo que ya existia en el File System
[WARNING] 18:14:57:480 Kernel/(35016:35019): nombre_archivo: PEPITO
[WARNING] 18:15:11:004 Kernel/(35037:35037): Kernel listo para recibir a Consolas
[WARNING] 18:15:13:651 Kernel/(35037:35045): Se conecto una consola
[WARNING] 18:15:13:773 Kernel/(35037:35039): Se abrio un archivo que ya existia en el File System
[WARNING] 18:15:13:778 Kernel/(35037:35039): nombre_archivo: PEPITO
[WARNING] 18:15:36:353 Kernel/(35057:35057): Kernel listo para recibir a Consolas
[WARNING] 18:15:37:535 Kernel/(35057:35065): Se conecto una consola
[WARNING] 18:15:37:622 Kernel/(35057:35059): Se abrio un archivo que ya existia en el File System
[WARNING] 18:15:37:632 Kernel/(35057:35059): nombre_archivo: PEPITO
[WARNING] 18:15:58:313 Kernel/(35077:35077): Kernel listo para recibir a Consolas
[WARNING] 18:16:00:059 Kernel/(35077:35085): Se conecto una consola
[WARNING] 18:16:00:148 Kernel/(35077:35080): Se abrio un archivo que ya existia en el File System
[WARNING] 18:16:00:154 Kernel/(35077:35080): nombre_archivo: PEPITO
[WARNING] 18:16:48:057 Kernel/(35357:35357): Kernel listo para recibir a Consolas
[WARNING] 18:16:49:722 Kernel/(35357:35365): Se conecto una consola
[WARNING] 18:16:49:819 Kernel/(35357:35359): Se abrio un archivo que ya existia en el File System
[WARNING] 18:16:49:823 Kernel/(35357:35359): nombre_archivo: PEPITO
[WARNING] 18:18:44:461 Kernel/(35384:35384): Kernel listo para recibir a Consolas
[WARNING] 18:18:46:787 Kernel/(35384:35392): Se conecto una consola
[WARNING] 18:39:02:734 Kernel/(35650:35650): Kernel listo para recibir a Consolas
[WARNING] 18:39:04:406 Kernel/(35650:35658): Se conecto una consola
[WARNING] 18:39:04:609 Kernel/(35650:35652): Se abrio el archivo
[WARNING] 18:39:04:615 Kernel/(35650:35652): nombre_archivo: ARCHIVO_INEXISTENTE
[WARNING] 18:40:11:233 Kernel/(35670:35670): Kernel listo para recibir a Consolas
[WARNING] 18:40:12:922 Kernel/(35670:35678): Se conecto una consola
[WARNING] 18:40:13:067 Kernel/(35670:35673): Se abrio un archivo que ya existia en el File System
[WARNING] 18:40:13:077 Kernel/(35670:35673): nombre_archivo: ARCHIVO_INEXISTENTE
[WARNING] 18:42:07:836 Kernel/(35692:35692): Kernel listo para recibir a Consolas
[WARNING] 18:42:08:988 Kernel/(35692:35700): Se conecto una consola
[WARNING] 18:42:09:077 Kernel/(35692:35694): Se abrio un archivo que ya existia en el File System
[WARNING] 18:42:09:088 Kernel/(35692:35694): nombre_archivo: ARCHIVO_INEXISTENTE
[WARNING] 18:46:05:506 Kernel/(35714:35714): Kernel listo para recibir a Consolas
[WARNING] 18:46:08:368 Kernel/(35714:35726): Se conecto una consola
[WARNING] 18:46:08:513 Kernel/(35714:35721): Se abrio un archivo que ya existia en el File System
[WARNING] 18:46:08:536 Kernel/(35714:35721): nombre_archivo: ARCHIVO_INEXISTENTE
[WARNING] 18:46:59:484 Kernel/(35714:35733): Se conecto una consola
[WARNING] 18:46:59:489 Kernel/(35714:35721): Se abrio un archivo que ya existia en el File System
[WARNING] 18:47:00:125 Kernel/(35714:35737): Se conecto una consola
[WARNING] 18:47:05:501 Kernel/(35714:35721): nombre_archivo: PEPITO
[WARNING] 18:47:11:511 Kernel/(35714:35721): nombre_archivo: PEPITO
[WARNING] 18:49:17:297 Kernel/(35714:35748): Se conecto una consola
[WARNING] 18:49:33:517 Kernel/(35714:35751): Se conecto una consola
[WARNING] 18:50:43:894 Kernel/(35714:35759): Se conecto una consola
[WARNING] 18:50:43:926 Kernel/(35714:35721): Se abrio el archivo
[WARNING] 18:50:49:941 Kernel/(35714:35721): nombre_archivo: OTRO
[WARNING] 18:58:55:850 Kernel/(35925:35925): Kernel listo para recibir a Consolas
[WARNING] 18:59:01:842 Kernel/(35925:35934): Se conecto una consola
[WARNING] 18:59:15:292 Kernel/(35925:35937): Se conecto una consola
[WARNING] 19:00:52:595 Kernel/(35925:35958): Se conecto una consola
[WARNING] 19:01:35:444 Kernel/(35925:35962): Se conecto una consola
[WARNING] 19:02:04:739 Kernel/(35925:35967): Se conecto una consola
[WARNING] 19:02:22:037 Kernel/(35925:35973): Se conecto una consola
[WARNING] 19:02:22:596 Kernel/(35925:35977): Se conecto una consola
[WARNING] 19:02:23:133 Kernel/(35925:35980): Se conecto una consola
[WARNING] 19:02:23:614 Kernel/(35925:35983): Se conecto una consola
[WARNING] 19:10:19:785 Kernel/(36046:36046): Kernel listo para recibir a Consolas
[WARNING] 19:12:00:696 Kernel/(36068:36068): Kernel listo para recibir a Consolas
[WARNING] 19:34:37:393 Kernel/(36975:36975): Kernel listo para recibir a Consolas
[WARNING] 19:34:39:146 Kernel/(36975:36984): Se conecto una consola
[WARNING] 19:35:03:633 Kernel/(36975:36988): Se conecto una consola
[WARNING] 19:35:14:915 Kernel/(36975:36991): Se conecto una consola
[WARNING] 19:35:14:930 Kernel/(36975:36979): Se abrio un archivo que ya existia en el File System
[WARNING] 19:50:58:789 Kernel/(37564:37564): Kernel listo para recibir a Consolas
[WARNING] 19:51:00:009 Kernel/(37564:37572): Se conecto una consola
[WARNING] 19:56:12:524 Kernel/(37564:37609): Se conecto una consola
[WARNING] 19:56:14:209 Kernel/(37564:37613): Se conecto una consola
[WARNING] 19:56:24:921 Kernel/(37564:37616): Se conecto una consola
[WARNING] 19:56:33:401 Kernel/(37564:37619): Se conecto una consola
[WARNING] 20:05:06:698 Kernel/(37564:38050): Se conecto una consola
[WARNING] 20:06:50:625 Kernel/(37564:38100): Se conecto una consola
[WARNING] 20:06:51:163 Kernel/(37564:37567): Se abrio un archivo que ya existia en el File System
[WARNING] 20:07:19:082 Kernel/(38114:38114): Kernel listo para recibir a Consolas
[WARNING] 20:07:20:278 Kernel/(38114:38122): Se conecto una consola
[WARNING] 20:07:20:372 Kernel/(38114:38117): Se abrio un archivo que ya existia en el File System
[WARNING] 20:10:44:826 Kernel/(38278:38278): Kernel listo para recibir a Consolas
[WARNING] 20:10:46:749 Kernel/(38278:38287): Se conecto una consola
[WARNING] 20:10:46:844 Kernel/(38278:38282): Se abrio un archivo que ya existia en el File System
[WARNING] 20:12:03:937 Kernel/(38278:38294): Se conecto una consola
[WARNING] 20:12:03:963 Kernel/(38278:38282): Se abrio un archivo que ya existia en el File System
[WARNING] 20:19:27:156 Kernel/(38278:38828): Se conecto una consola
[WARNING] 20:19:27:200 Kernel/(38278:38282): Se abrio un archivo que ya existia en el File System
[WARNING] 20:20:02:648 Kernel/(38839:38839): Kernel listo para recibir a Consolas
[WARNING] 20:20:09:680 Kernel/(38839:38849): Se conecto una consola
[WARNING] 20:20:09:779 Kernel/(38839:38843): Se abrio un archivo que ya existia en el File System
[WARNING] 20:20:21:749 Kernel/(38839:38853): Se conecto una consola
[WARNING] 20:20:31:606 Kernel/(38839:38856): Se conecto una consola
[WARNING] 20:21:35:291 Kernel/(38871:38871): Kernel listo para recibir a Consolas
[WARNING] 20:21:41:831 Kernel/(38871:38879): Se conecto una consola
