[INFO] 22:59:30:990 proceso/(4432:4436): La CPU se conecto a memoria
[INFO] 22:59:51:718 proceso/(4432:4438): El Kernel se conecto a memoria
[INFO] 23:08:55:714 proceso/(4630:4632): La CPU se conecto a memoria
[INFO] 23:08:58:716 proceso/(4630:4634): El Kernel se conecto a memoria
[INFO] 23:14:19:476 proceso/(4907:4909): La CPU se conecto a memoria
[INFO] 23:14:21:887 proceso/(4907:4911): El Kernel se conecto a memoria
[INFO] 23:21:57:443 proceso/(5053:5055): La CPU se conecto a memoria
[INFO] 23:21:59:273 proceso/(5053:5057): El Kernel se conecto a memoria
[INFO] 23:27:00:488 proceso/(5456:5458): La CPU se conecto a memoria
[INFO] 23:27:02:672 proceso/(5456:5460): El Kernel se conecto a memoria
[INFO] 23:28:41:056 proceso/(5504:5506): La CPU se conecto a memoria
[INFO] 23:28:43:216 proceso/(5504:5508): El Kernel se conecto a memoria
[INFO] 23:30:06:307 proceso/(5520:5522): La CPU se conecto a memoria
[INFO] 23:30:08:119 proceso/(5520:5524): El Kernel se conecto a memoria
[INFO] 23:32:38:617 proceso/(5644:5646): La CPU se conecto a memoria
[INFO] 23:32:41:337 proceso/(5644:5648): El Kernel se conecto a memoria
[INFO] 23:34:50:441 proceso/(5700:5702): La CPU se conecto a memoria
[INFO] 23:34:51:459 proceso/(5700:5704): El Kernel se conecto a memoria
[INFO] 23:36:12:365 proceso/(5765:5767): La CPU se conecto a memoria
[INFO] 23:36:13:326 proceso/(5765:5769): El Kernel se conecto a memoria
[INFO] 23:37:16:316 proceso/(5836:5838): La CPU se conecto a memoria
[INFO] 23:37:17:318 proceso/(5836:5840): El Kernel se conecto a memoria
[INFO] 23:39:00:349 proceso/(5893:5895): La CPU se conecto a memoria
[INFO] 23:39:01:752 proceso/(5893:5897): El Kernel se conecto a memoria
[INFO] 23:41:32:671 proceso/(5919:5921): La CPU se conecto a memoria
[INFO] 23:41:35:204 proceso/(5919:5923): El Kernel se conecto a memoria
[INFO] 00:41:26:481 proceso/(6179:6181): La CPU se conecto a memoria
[INFO] 00:41:28:432 proceso/(6179:6183): El Kernel se conecto a memoria
[INFO] 01:04:33:936 proceso/(6381:6383): La CPU se conecto a memoria
[INFO] 01:04:39:949 proceso/(6381:6385): El Kernel se conecto a memoria
[INFO] 01:06:56:229 proceso/(6429:6431): La CPU se conecto a memoria
[INFO] 01:07:13:068 proceso/(6429:6436): El Kernel se conecto a memoria
[INFO] 05:05:24:455 proceso/(146707:146948): La CPU se conecto a memoria
[INFO] 05:05:48:230 proceso/(146707:146952): El Kernel se conecto a memoria
[INFO] 05:22:31:203 proceso/(147411:147413): La CPU se conecto a memoria
[INFO] 05:22:32:408 proceso/(147411:147415): El Kernel se conecto a memoria
[INFO] 23:18:31:638 proceso/(177480:177482): La CPU se conecto a memoria
[INFO] 23:18:32:446 proceso/(177480:177484): El Kernel se conecto a memoria
[INFO] 01:18:49:940 proceso/(179389:179391): La CPU se conecto a memoria
[INFO] 01:18:50:890 proceso/(179389:179393): El Kernel se conecto a memoria
[INFO] 01:24:47:965 proceso/(179451:179455): La CPU se conecto a memoria
[INFO] 01:25:08:503 proceso/(179451:179458): El Kernel se conecto a memoria
[INFO] 01:35:04:498 proceso/(179560:179563): La CPU se conecto a memoria
[INFO] 01:35:16:618 proceso/(179560:179565): El Kernel se conecto a memoria
[INFO] 01:37:03:799 proceso/(179572:179574): La CPU se conecto a memoria
[INFO] 01:37:06:123 proceso/(179572:179576): El Kernel se conecto a memoria
[INFO] 01:38:51:326 proceso/(179674:179676): La CPU se conecto a memoria
[INFO] 01:38:52:495 proceso/(179674:179678): El Kernel se conecto a memoria
[INFO] 01:49:10:619 proceso/(180406:180408): La CPU se conecto a memoria
[INFO] 01:49:11:547 proceso/(180406:180410): El Kernel se conecto a memoria
[INFO] 17:08:37:048 proceso/(181524:181526): La CPU se conecto a memoria
[INFO] 17:08:39:439 proceso/(181524:181528): El Kernel se conecto a memoria
[INFO] 17:43:55:904 proceso/(181940:181942): La CPU se conecto a memoria
[INFO] 17:43:56:950 proceso/(181940:181944): El Kernel se conecto a memoria
[INFO] 18:30:24:420 proceso/(182281:182283): La CPU se conecto a memoria
[INFO] 18:30:25:226 proceso/(182281:182285): El Kernel se conecto a memoria
[INFO] 18:31:48:788 proceso/(182367:182369): La CPU se conecto a memoria
[INFO] 18:31:50:651 proceso/(182367:182371): El Kernel se conecto a memoria
[INFO] 18:34:47:492 proceso/(182486:182488): La CPU se conecto a memoria
[INFO] 18:34:48:372 proceso/(182486:182490): El Kernel se conecto a memoria
[INFO] 18:39:04:404 proceso/(182678:182680): La CPU se conecto a memoria
[INFO] 18:39:05:217 proceso/(182678:182682): El Kernel se conecto a memoria
[INFO] 19:55:38:577 proceso/(183353:183355): La CPU se conecto a memoria
[INFO] 19:55:40:308 proceso/(183353:183357): El Kernel se conecto a memoria
[INFO] 20:02:32:310 proceso/(183576:183578): La CPU se conecto a memoria
[INFO] 20:02:35:566 proceso/(183576:183580): El Kernel se conecto a memoria
[INFO] 20:05:05:964 proceso/(183662:183664): La CPU se conecto a memoria
[INFO] 20:05:07:388 proceso/(183662:183666): El Kernel se conecto a memoria
[INFO] 20:21:29:017 proceso/(184080:184082): La CPU se conecto a memoria
[WARNING] 20:23:26:584 Memoria/(184225:184225): Memoria lista para recibir al cliente
[INFO] 20:23:27:297 Memoria/(184225:184227): La CPU se conecto a memoria
[INFO] 20:23:28:072 Memoria/(184225:184229): El Kernel se conecto a memoria
[WARNING] 20:25:13:892 Memoria/(184363:184363): Memoria lista para recibir al cliente
[INFO] 20:25:14:851 Memoria/(184363:184365): La CPU se conecto a memoria
[INFO] 20:25:19:367 Memoria/(184363:184367): El Kernel se conecto a memoria
